This file contains any messages produced by compilers while
running configure, to aid debugging if configure makes a mistake.

It was created by mbsystem configure 3.5.2084, which was
generated by GNU Autoconf 2.69.  Invocation command line was

  $ ./configure --prefix=/Users/caress/buildtest --with-netcdf-include=/sw/include --with-netcdf-lib=/sw/lib --with-gmt-include=/sw/include --with-gmt-lib=/sw/lib --with-fftw-include=/sw/include --with-fftw-lib=/sw/lib --with-motif-include=/sw/include --with-motif-lib=/sw/lib

## --------- ##
## Platform. ##
## --------- ##

hostname = deitz
uname -m = x86_64
uname -r = 12.3.0
uname -s = Darwin
uname -v = Darwin Kernel Version 12.3.0: Sun Jan  6 22:37:10 PST 2013; root:xnu-2050.22.13~1/RELEASE_X86_64

/usr/bin/uname -p = i386
/bin/uname -X     = unknown

/bin/arch              = unknown
/usr/bin/arch -k       = unknown
/usr/convex/getsysinfo = unknown
/usr/bin/hostinfo      = Mach kernel version:
	 Darwin Kernel Version 12.3.0: Sun Jan  6 22:37:10 PST 2013; root:xnu-2050.22.13~1/RELEASE_X86_64
Kernel configured for up to 8 processors.
4 processors are physically available.
8 processors are logically available.
Processor type: i486 (Intel 80486)
Processors active: 0 1 2 3 4 5 6 7
Primary memory available: 16.00 gigabytes
Default processor set: 146 tasks, 675 threads, 8 processors
Load average: 0.51, Mach factor: 7.48
/bin/machine           = unknown
/usr/bin/oslevel       = unknown
/bin/universe          = unknown

PATH: /opt/local/bin
PATH: /opt/local/sbin
PATH: .
PATH: /Users/caress/sandbox/mbsystem/bin
PATH: /Users/caress/sandbox/mbseis/bin
PATH: /Users/caress/sandbox/mosystem/bin
PATH: /usr/local/bin
PATH: /usr/local/gmt/bin
PATH: /usr/local/mbsystem/bin/
PATH: /opt/local/bin
PATH: /opt/local/sbin
PATH: /sw/bin
PATH: /Users/caress/bin
PATH: /usr/bin
PATH: /bin
PATH: /usr/sbin
PATH: /sbin
PATH: /usr/local/bin
PATH: /opt/X11/bin


## ----------- ##
## Core tests. ##
## ----------- ##

configure:2380: checking build system type
configure:2394: result: x86_64-apple-darwin12.3.0
configure:2414: checking host system type
configure:2427: result: x86_64-apple-darwin12.3.0
configure:2464: checking for a BSD-compatible install
configure:2532: result: /sw/bin/ginstall -c
configure:2543: checking whether build environment is sane
configure:2593: result: yes
configure:2734: checking for a thread-safe mkdir -p
configure:2773: result: /sw/bin/gmkdir -p
configure:2786: checking for gawk
configure:2816: result: no
configure:2786: checking for mawk
configure:2816: result: no
configure:2786: checking for nawk
configure:2816: result: no
configure:2786: checking for awk
configure:2802: found /usr/bin/awk
configure:2813: result: awk
configure:2824: checking whether make sets $(MAKE)
configure:2846: result: yes
configure:2927: checking whether to enable maintainer-specific portions of Makefiles
configure:2936: result: no
configure:3000: checking for gcc
configure:3016: found /usr/bin/gcc
configure:3027: result: gcc
configure:3256: checking for C compiler version
configure:3265: gcc --version >&5
i686-apple-darwin11-llvm-gcc-4.2 (GCC) 4.2.1 (Based on Apple Inc. build 5658) (LLVM build 2336.11.00)
Copyright (C) 2007 Free Software Foundation, Inc.
This is free software; see the source for copying conditions.  There is NO
warranty; not even for MERCHANTABILITY or FITNESS FOR A PARTICULAR PURPOSE.

configure:3276: $? = 0
configure:3265: gcc -v >&5
Using built-in specs.
Target: i686-apple-darwin11
Configured with: /private/var/tmp/llvmgcc42/llvmgcc42-2336.11~67/src/configure --disable-checking --enable-werror --prefix=/Applications/Xcode.app/Contents/Developer/usr/llvm-gcc-4.2 --mandir=/share/man --enable-languages=c,objc,c++,obj-c++ --program-prefix=llvm- --program-transform-name=/^[cg][^.-]*$/s/$/-4.2/ --with-slibdir=/usr/lib --build=i686-apple-darwin11 --enable-llvm=/private/var/tmp/llvmgcc42/llvmgcc42-2336.11~67/dst-llvmCore/Developer/usr/local --program-prefix=i686-apple-darwin11- --host=x86_64-apple-darwin11 --target=i686-apple-darwin11 --with-gxx-include-dir=/usr/include/c++/4.2.1
Thread model: posix
gcc version 4.2.1 (Based on Apple Inc. build 5658) (LLVM build 2336.11.00)
configure:3276: $? = 0
configure:3265: gcc -V >&5
llvm-gcc-4.2: argument to `-V' is missing
configure:3276: $? = 1
configure:3265: gcc -qversion >&5
i686-apple-darwin11-llvm-gcc-4.2: no input files
configure:3276: $? = 1
configure:3296: checking whether the C compiler works
configure:3318: gcc -I/usr/X11R6/include -L/usr/X11R6/lib -DBYTESWAPPED   conftest.c  >&5
configure:3322: $? = 0
configure:3370: result: yes
configure:3373: checking for C compiler default output file name
configure:3375: result: a.out
configure:3381: checking for suffix of executables
configure:3388: gcc -o conftest -I/usr/X11R6/include -L/usr/X11R6/lib -DBYTESWAPPED   conftest.c  >&5
configure:3392: $? = 0
configure:3414: result: 
configure:3436: checking whether we are cross compiling
configure:3444: gcc -o conftest -I/usr/X11R6/include -L/usr/X11R6/lib -DBYTESWAPPED   conftest.c  >&5
configure:3448: $? = 0
configure:3455: ./conftest
configure:3459: $? = 0
configure:3474: result: no
configure:3479: checking for suffix of object files
configure:3501: gcc -c -I/usr/X11R6/include -L/usr/X11R6/lib -DBYTESWAPPED  conftest.c >&5
configure:3505: $? = 0
configure:3526: result: o
configure:3530: checking whether we are using the GNU C compiler
configure:3549: gcc -c -I/usr/X11R6/include -L/usr/X11R6/lib -DBYTESWAPPED  conftest.c >&5
configure:3549: $? = 0
configure:3558: result: yes
configure:3567: checking whether gcc accepts -g
configure:3587: gcc -c -g  conftest.c >&5
configure:3587: $? = 0
configure:3628: result: yes
configure:3645: checking for gcc option to accept ISO C89
configure:3708: gcc  -c -I/usr/X11R6/include -L/usr/X11R6/lib -DBYTESWAPPED  conftest.c >&5
configure:3708: $? = 0
configure:3721: result: none needed
configure:3752: checking for style of include used by make
configure:3780: result: GNU
configure:3806: checking dependency style of gcc
configure:3917: result: gcc3
configure:3933: checking whether gcc and cc understand -c and -o together
configure:3964: gcc -c conftest.c -o conftest2.o >&5
configure:3968: $? = 0
configure:3974: gcc -c conftest.c -o conftest2.o >&5
configure:3978: $? = 0
configure:3989: cc -c conftest.c >&5
configure:3993: $? = 0
configure:4001: cc -c conftest.c -o conftest2.o >&5
configure:4005: $? = 0
configure:4011: cc -c conftest.c -o conftest2.o >&5
configure:4015: $? = 0
configure:4033: result: yes
configure:4068: checking dependency style of gcc
configure:4177: result: gcc3
configure:4242: checking for ar
configure:4258: found /usr/bin/ar
configure:4269: result: ar
configure:4295: checking the archiver (ar) interface
configure:4305: gcc -c -I/usr/X11R6/include -L/usr/X11R6/lib -DBYTESWAPPED  conftest.c >&5
configure:4305: $? = 0
configure:4307: ar cru libconftest.a conftest.o >&5
configure:4310: $? = 0
configure:4333: result: ar
configure:4353: checking whether ln -s works
configure:4357: result: yes
configure:4364: checking whether make sets $(MAKE)
configure:4386: result: yes
configure:4441: checking how to print strings
configure:4468: result: printf
configure:4489: checking for a sed that does not truncate output
configure:4553: result: /usr/bin/sed
configure:4571: checking for grep that handles long lines and -e
configure:4629: result: /usr/bin/grep
configure:4634: checking for egrep
configure:4696: result: /usr/bin/grep -E
configure:4701: checking for fgrep
configure:4763: result: /usr/bin/grep -F
configure:4798: checking for ld used by gcc
configure:4865: result: /usr/llvm-gcc-4.2/libexec/gcc/i686-apple-darwin11/4.2.1/ld
configure:4872: checking if the linker (/usr/llvm-gcc-4.2/libexec/gcc/i686-apple-darwin11/4.2.1/ld) is GNU ld
configure:4887: result: no
configure:4899: checking for BSD- or MS-compatible name lister (nm)
configure:4948: result: /usr/bin/nm
configure:5078: checking the name lister (/usr/bin/nm) interface
configure:5085: gcc -c -I/usr/X11R6/include -L/usr/X11R6/lib -DBYTESWAPPED  conftest.c >&5
configure:5088: /usr/bin/nm "conftest.o"
configure:5091: output
0000000000000000 S _some_variable
configure:5098: result: BSD nm
configure:5102: checking the maximum length of command line arguments
configure:5232: result: 196608
configure:5249: checking whether the shell understands some XSI constructs
configure:5259: result: yes
configure:5263: checking whether the shell understands "+="
configure:5269: result: yes
configure:5304: checking how to convert x86_64-apple-darwin12.3.0 file names to x86_64-apple-darwin12.3.0 format
configure:5344: result: func_convert_file_noop
configure:5351: checking how to convert x86_64-apple-darwin12.3.0 file names to toolchain format
configure:5371: result: func_convert_file_noop
configure:5378: checking for /usr/llvm-gcc-4.2/libexec/gcc/i686-apple-darwin11/4.2.1/ld option to reload object files
configure:5385: result: -r
configure:5459: checking for objdump
configure:5489: result: no
configure:5518: checking how to recognize dependent libraries
configure:5720: result: pass_all
configure:5805: checking for dlltool
configure:5835: result: no
configure:5865: checking how to associate runtime and link libraries
configure:5892: result: printf %s\n
configure:6016: checking for archiver @FILE support
configure:6033: gcc -c -I/usr/X11R6/include -L/usr/X11R6/lib -DBYTESWAPPED  conftest.c >&5
configure:6033: $? = 0
configure:6036: ar cru libconftest.a @conftest.lst >&5
ar: @conftest.lst: No such file or directory
configure:6039: $? = 1
configure:6059: result: no
configure:6117: checking for strip
configure:6133: found /usr/bin/strip
configure:6144: result: strip
configure:6216: checking for ranlib
configure:6232: found /usr/bin/ranlib
configure:6243: result: ranlib
configure:6345: checking command to parse /usr/bin/nm output from gcc object
configure:6465: gcc -c -I/usr/X11R6/include -L/usr/X11R6/lib -DBYTESWAPPED  conftest.c >&5
configure:6468: $? = 0
configure:6472: /usr/bin/nm conftest.o \| sed -n -e 's/^.*[ ]\([BCDEGRST][BCDEGRST]*\)[ ][ ]*\([_A-Za-z][_A-Za-z0-9]*\)$/\1 \2 \2/p' | sed '/ __gnu_lto/d' \> conftest.nm
configure:6475: $? = 0
cannot find nm_test_var in conftest.nm
configure:6465: gcc -c -I/usr/X11R6/include -L/usr/X11R6/lib -DBYTESWAPPED  conftest.c >&5
configure:6468: $? = 0
configure:6472: /usr/bin/nm conftest.o \| sed -n -e 's/^.*[ ]\([BCDEGRST][BCDEGRST]*\)[ ][ ]*_\([_A-Za-z][_A-Za-z0-9]*\)$/\1 _\2 \2/p' | sed '/ __gnu_lto/d' \> conftest.nm
configure:6475: $? = 0
configure:6541: gcc -o conftest -I/usr/X11R6/include -L/usr/X11R6/lib -DBYTESWAPPED   conftest.c conftstm.o >&5
configure:6544: $? = 0
configure:6582: result: ok
configure:6619: checking for sysroot
configure:6649: result: no
configure:6905: checking for mt
configure:6935: result: no
configure:6955: checking if : is a manifest tool
configure:6961: : '-?'
configure:6969: result: no
configure:7025: checking for dsymutil
configure:7041: found /usr/bin/dsymutil
configure:7052: result: dsymutil
configure:7117: checking for nmedit
configure:7133: found /usr/bin/nmedit
configure:7144: result: nmedit
configure:7209: checking for lipo
configure:7225: found /usr/bin/lipo
configure:7236: result: lipo
configure:7301: checking for otool
configure:7317: found /usr/bin/otool
configure:7328: result: otool
configure:7393: checking for otool64
configure:7423: result: no
configure:7468: checking for -single_module linker flag
gcc -I/usr/X11R6/include -L/usr/X11R6/lib -DBYTESWAPPED  -o libconftest.dylib -dynamiclib -Wl,-single_module conftest.c
configure:7501: result: yes
configure:7504: checking for -exported_symbols_list linker flag
configure:7524: gcc -o conftest -I/usr/X11R6/include -L/usr/X11R6/lib -DBYTESWAPPED   -Wl,-exported_symbols_list,conftest.sym conftest.c  >&5
configure:7524: $? = 0
configure:7534: result: yes
configure:7537: checking for -force_load linker flag
gcc -I/usr/X11R6/include -L/usr/X11R6/lib -DBYTESWAPPED -c -o conftest.o conftest.c
ar cru libconftest.a conftest.o
ranlib libconftest.a
gcc -I/usr/X11R6/include -L/usr/X11R6/lib -DBYTESWAPPED  -o conftest conftest.c -Wl,-force_load,./libconftest.a
configure:7569: result: yes
configure:7611: checking how to run the C preprocessor
configure:7642: gcc -E  conftest.c
configure:7642: $? = 0
configure:7656: gcc -E  conftest.c
conftest.c:11:28: error: ac_nonexistent.h: No such file or directory
configure:7656: $? = 1
configure: failed program was:
| /* confdefs.h */
| #define PACKAGE_NAME "mbsystem"
| #define PACKAGE_TARNAME "mbsystem"
| #define PACKAGE_VERSION "3.5.2084"
| #define PACKAGE_STRING "mbsystem 3.5.2084"
| #define PACKAGE_BUGREPORT ""
| #define PACKAGE_URL ""
| #define PACKAGE "mbsystem"
| #define VERSION "3.5.2084"
| /* end confdefs.h.  */
| #include <ac_nonexistent.h>
configure:7681: result: gcc -E
configure:7701: gcc -E  conftest.c
configure:7701: $? = 0
configure:7715: gcc -E  conftest.c
conftest.c:11:28: error: ac_nonexistent.h: No such file or directory
configure:7715: $? = 1
configure: failed program was:
| /* confdefs.h */
| #define PACKAGE_NAME "mbsystem"
| #define PACKAGE_TARNAME "mbsystem"
| #define PACKAGE_VERSION "3.5.2084"
| #define PACKAGE_STRING "mbsystem 3.5.2084"
| #define PACKAGE_BUGREPORT ""
| #define PACKAGE_URL ""
| #define PACKAGE "mbsystem"
| #define VERSION "3.5.2084"
| /* end confdefs.h.  */
| #include <ac_nonexistent.h>
configure:7744: checking for ANSI C header files
configure:7764: gcc -c -I/usr/X11R6/include -L/usr/X11R6/lib -DBYTESWAPPED  conftest.c >&5
configure:7764: $? = 0
configure:7837: gcc -o conftest -I/usr/X11R6/include -L/usr/X11R6/lib -DBYTESWAPPED   conftest.c  >&5
configure:7837: $? = 0
configure:7837: ./conftest
configure:7837: $? = 0
configure:7848: result: yes
configure:7861: checking for sys/types.h
configure:7861: gcc -c -I/usr/X11R6/include -L/usr/X11R6/lib -DBYTESWAPPED  conftest.c >&5
configure:7861: $? = 0
configure:7861: result: yes
configure:7861: checking for sys/stat.h
configure:7861: gcc -c -I/usr/X11R6/include -L/usr/X11R6/lib -DBYTESWAPPED  conftest.c >&5
configure:7861: $? = 0
configure:7861: result: yes
configure:7861: checking for stdlib.h
configure:7861: gcc -c -I/usr/X11R6/include -L/usr/X11R6/lib -DBYTESWAPPED  conftest.c >&5
configure:7861: $? = 0
configure:7861: result: yes
configure:7861: checking for string.h
configure:7861: gcc -c -I/usr/X11R6/include -L/usr/X11R6/lib -DBYTESWAPPED  conftest.c >&5
configure:7861: $? = 0
configure:7861: result: yes
configure:7861: checking for memory.h
configure:7861: gcc -c -I/usr/X11R6/include -L/usr/X11R6/lib -DBYTESWAPPED  conftest.c >&5
configure:7861: $? = 0
configure:7861: result: yes
configure:7861: checking for strings.h
configure:7861: gcc -c -I/usr/X11R6/include -L/usr/X11R6/lib -DBYTESWAPPED  conftest.c >&5
configure:7861: $? = 0
configure:7861: result: yes
configure:7861: checking for inttypes.h
configure:7861: gcc -c -I/usr/X11R6/include -L/usr/X11R6/lib -DBYTESWAPPED  conftest.c >&5
configure:7861: $? = 0
configure:7861: result: yes
configure:7861: checking for stdint.h
configure:7861: gcc -c -I/usr/X11R6/include -L/usr/X11R6/lib -DBYTESWAPPED  conftest.c >&5
configure:7861: $? = 0
configure:7861: result: yes
configure:7861: checking for unistd.h
configure:7861: gcc -c -I/usr/X11R6/include -L/usr/X11R6/lib -DBYTESWAPPED  conftest.c >&5
configure:7861: $? = 0
configure:7861: result: yes
configure:7875: checking for dlfcn.h
configure:7875: gcc -c -I/usr/X11R6/include -L/usr/X11R6/lib -DBYTESWAPPED  conftest.c >&5
configure:7875: $? = 0
configure:7875: result: yes
configure:8081: checking for objdir
configure:8096: result: .libs
configure:8367: checking if gcc supports -fno-rtti -fno-exceptions
configure:8385: gcc -c -I/usr/X11R6/include -L/usr/X11R6/lib -DBYTESWAPPED  -fno-rtti -fno-exceptions conftest.c >&5
cc1: warning: command line option "-fno-rtti" is valid for C++/ObjC++ but not for C
configure:8389: $? = 0
configure:8402: result: no
configure:8729: checking for gcc option to produce PIC
configure:8736: result: -fno-common -DPIC
configure:8744: checking if gcc PIC flag -fno-common -DPIC works
configure:8762: gcc -c -I/usr/X11R6/include -L/usr/X11R6/lib -DBYTESWAPPED  -fno-common -DPIC -DPIC conftest.c >&5
configure:8766: $? = 0
configure:8779: result: yes
configure:8808: checking if gcc static flag -static works
configure:8836: result: no
configure:8851: checking if gcc supports -c -o file.o
configure:8872: gcc -c -I/usr/X11R6/include -L/usr/X11R6/lib -DBYTESWAPPED  -o out/conftest2.o conftest.c >&5
configure:8876: $? = 0
configure:8898: result: yes
configure:8906: checking if gcc supports -c -o file.o
configure:8953: result: yes
configure:8986: checking whether the gcc linker (/usr/llvm-gcc-4.2/libexec/gcc/i686-apple-darwin11/4.2.1/ld) supports shared libraries
configure:10139: result: yes
configure:10379: checking dynamic linker characteristics
configure:11112: result: darwin12.3.0 dyld
configure:11219: checking how to hardcode library paths into programs
configure:11244: result: immediate
configure:11784: checking whether stripping libraries is possible
configure:11798: result: yes
configure:11824: checking if libtool supports shared libraries
configure:11826: result: yes
configure:11829: checking whether to build shared libraries
configure:11850: result: yes
configure:11853: checking whether to build static libraries
configure:11857: result: yes
configure:11898: checking whether byte ordering is bigendian
configure:11913: gcc -c -I/usr/X11R6/include -L/usr/X11R6/lib -DBYTESWAPPED  conftest.c >&5
configure:11913: $? = 0
configure:11958: gcc -c -I/usr/X11R6/include -L/usr/X11R6/lib -DBYTESWAPPED  conftest.c >&5
configure:11958: $? = 0
configure:11976: gcc -c -I/usr/X11R6/include -L/usr/X11R6/lib -DBYTESWAPPED  conftest.c >&5
conftest.c: In function 'main':
conftest.c:30: error: 'not' undeclared (first use in this function)
conftest.c:30: error: (Each undeclared identifier is reported only once
conftest.c:30: error: for each function it appears in.)
conftest.c:30: error: expected ';' before 'big'
configure:11976: $? = 1
configure: failed program was:
| /* confdefs.h */
| #define PACKAGE_NAME "mbsystem"
| #define PACKAGE_TARNAME "mbsystem"
| #define PACKAGE_VERSION "3.5.2084"
| #define PACKAGE_STRING "mbsystem 3.5.2084"
| #define PACKAGE_BUGREPORT ""
| #define PACKAGE_URL ""
| #define PACKAGE "mbsystem"
| #define VERSION "3.5.2084"
| #define STDC_HEADERS 1
| #define HAVE_SYS_TYPES_H 1
| #define HAVE_SYS_STAT_H 1
| #define HAVE_STDLIB_H 1
| #define HAVE_STRING_H 1
| #define HAVE_MEMORY_H 1
| #define HAVE_STRINGS_H 1
| #define HAVE_INTTYPES_H 1
| #define HAVE_STDINT_H 1
| #define HAVE_UNISTD_H 1
| #define HAVE_DLFCN_H 1
| #define LT_OBJDIR ".libs/"
| /* end confdefs.h.  */
| #include <sys/types.h>
| 		#include <sys/param.h>
| 
| int
| main ()
| {
| #if BYTE_ORDER != BIG_ENDIAN
| 		 not big endian
| 		#endif
| 
|   ;
|   return 0;
| }
configure:12104: result: no
configure:12129: checking for ANSI C header files
configure:12233: result: yes
configure:12242: checking for exp in -lm
configure:12267: gcc -o conftest -I/usr/X11R6/include -L/usr/X11R6/lib -DBYTESWAPPED   conftest.c -lm   >&5
conftest.c:32: warning: conflicting types for built-in function 'exp'
configure:12267: $? = 0
configure:12276: result: yes
configure:12288: checking for int8_t
configure:12288: gcc -c -I/usr/X11R6/include -L/usr/X11R6/lib -DBYTESWAPPED  conftest.c >&5
configure:12288: $? = 0
configure:12288: gcc -c -I/usr/X11R6/include -L/usr/X11R6/lib -DBYTESWAPPED  conftest.c >&5
conftest.c: In function 'main':
conftest.c:64: error: size of array 'test_array' is negative
configure:12288: $? = 1
configure: failed program was:
| /* confdefs.h */
| #define PACKAGE_NAME "mbsystem"
| #define PACKAGE_TARNAME "mbsystem"
| #define PACKAGE_VERSION "3.5.2084"
| #define PACKAGE_STRING "mbsystem 3.5.2084"
| #define PACKAGE_BUGREPORT ""
| #define PACKAGE_URL ""
| #define PACKAGE "mbsystem"
| #define VERSION "3.5.2084"
| #define STDC_HEADERS 1
| #define HAVE_SYS_TYPES_H 1
| #define HAVE_SYS_STAT_H 1
| #define HAVE_STDLIB_H 1
| #define HAVE_STRING_H 1
| #define HAVE_MEMORY_H 1
| #define HAVE_STRINGS_H 1
| #define HAVE_INTTYPES_H 1
| #define HAVE_STDINT_H 1
| #define HAVE_UNISTD_H 1
| #define HAVE_DLFCN_H 1
| #define LT_OBJDIR ".libs/"
| #define BYTESWAPPED 1
| #define STDC_HEADERS 1
| #define HAVE_LIBM 1
| /* end confdefs.h.  */
| #include <stdio.h>
| #ifdef HAVE_SYS_TYPES_H
| # include <sys/types.h>
| #endif
| #ifdef HAVE_SYS_STAT_H
| # include <sys/stat.h>
| #endif
| #ifdef STDC_HEADERS
| # include <stdlib.h>
| # include <stddef.h>
| #else
| # ifdef HAVE_STDLIB_H
| #  include <stdlib.h>
| # endif
| #endif
| #ifdef HAVE_STRING_H
| # if !defined STDC_HEADERS && defined HAVE_MEMORY_H
| #  include <memory.h>
| # endif
| # include <string.h>
| #endif
| #ifdef HAVE_STRINGS_H
| # include <strings.h>
| #endif
| #ifdef HAVE_INTTYPES_H
| # include <inttypes.h>
| #endif
| #ifdef HAVE_STDINT_H
| # include <stdint.h>
| #endif
| #ifdef HAVE_UNISTD_H
| # include <unistd.h>
| #endif
| 	        enum { N = 8 / 2 - 1 };
| int
| main ()
| {
| static int test_array [1 - 2 * !((int8_t) (((((int8_t) 1 << N) << N) - 1) * 2 + 1)
| 		 < (int8_t) (((((int8_t) 1 << N) << N) - 1) * 2 + 2))];
| test_array [0] = 0;
| return test_array [0];
| 
|   ;
|   return 0;
| }
configure:12288: result: yes
configure:12300: checking malloc.h usability
configure:12300: gcc -c -I/usr/X11R6/include -L/usr/X11R6/lib -DBYTESWAPPED  conftest.c >&5
conftest.c:59:20: error: malloc.h: No such file or directory
configure:12300: $? = 1
configure: failed program was:
| /* confdefs.h */
| #define PACKAGE_NAME "mbsystem"
| #define PACKAGE_TARNAME "mbsystem"
| #define PACKAGE_VERSION "3.5.2084"
| #define PACKAGE_STRING "mbsystem 3.5.2084"
| #define PACKAGE_BUGREPORT ""
| #define PACKAGE_URL ""
| #define PACKAGE "mbsystem"
| #define VERSION "3.5.2084"
| #define STDC_HEADERS 1
| #define HAVE_SYS_TYPES_H 1
| #define HAVE_SYS_STAT_H 1
| #define HAVE_STDLIB_H 1
| #define HAVE_STRING_H 1
| #define HAVE_MEMORY_H 1
| #define HAVE_STRINGS_H 1
| #define HAVE_INTTYPES_H 1
| #define HAVE_STDINT_H 1
| #define HAVE_UNISTD_H 1
| #define HAVE_DLFCN_H 1
| #define LT_OBJDIR ".libs/"
| #define BYTESWAPPED 1
| #define STDC_HEADERS 1
| #define HAVE_LIBM 1
| /* end confdefs.h.  */
| #include <stdio.h>
| #ifdef HAVE_SYS_TYPES_H
| # include <sys/types.h>
| #endif
| #ifdef HAVE_SYS_STAT_H
| # include <sys/stat.h>
| #endif
| #ifdef STDC_HEADERS
| # include <stdlib.h>
| # include <stddef.h>
| #else
| # ifdef HAVE_STDLIB_H
| #  include <stdlib.h>
| # endif
| #endif
| #ifdef HAVE_STRING_H
| # if !defined STDC_HEADERS && defined HAVE_MEMORY_H
| #  include <memory.h>
| # endif
| # include <string.h>
| #endif
| #ifdef HAVE_STRINGS_H
| # include <strings.h>
| #endif
| #ifdef HAVE_INTTYPES_H
| # include <inttypes.h>
| #endif
| #ifdef HAVE_STDINT_H
| # include <stdint.h>
| #endif
| #ifdef HAVE_UNISTD_H
| # include <unistd.h>
| #endif
| #include <malloc.h>
configure:12300: result: no
configure:12300: checking malloc.h presence
configure:12300: gcc -E  conftest.c
conftest.c:26:20: error: malloc.h: No such file or directory
configure:12300: $? = 1
configure: failed program was:
| /* confdefs.h */
| #define PACKAGE_NAME "mbsystem"
| #define PACKAGE_TARNAME "mbsystem"
| #define PACKAGE_VERSION "3.5.2084"
| #define PACKAGE_STRING "mbsystem 3.5.2084"
| #define PACKAGE_BUGREPORT ""
| #define PACKAGE_URL ""
| #define PACKAGE "mbsystem"
| #define VERSION "3.5.2084"
| #define STDC_HEADERS 1
| #define HAVE_SYS_TYPES_H 1
| #define HAVE_SYS_STAT_H 1
| #define HAVE_STDLIB_H 1
| #define HAVE_STRING_H 1
| #define HAVE_MEMORY_H 1
| #define HAVE_STRINGS_H 1
| #define HAVE_INTTYPES_H 1
| #define HAVE_STDINT_H 1
| #define HAVE_UNISTD_H 1
| #define HAVE_DLFCN_H 1
| #define LT_OBJDIR ".libs/"
| #define BYTESWAPPED 1
| #define STDC_HEADERS 1
| #define HAVE_LIBM 1
| /* end confdefs.h.  */
| #include <malloc.h>
configure:12300: result: no
configure:12300: checking for malloc.h
configure:12300: result: no
configure:12328: checking rpc/rpc.h usability
configure:12328: gcc -c -I/usr/X11R6/include -L/usr/X11R6/lib -DBYTESWAPPED  conftest.c >&5
configure:12328: $? = 0
configure:12328: result: yes
configure:12328: checking rpc/rpc.h presence
configure:12328: gcc -E  conftest.c
configure:12328: $? = 0
configure:12328: result: yes
configure:12328: checking for rpc/rpc.h
configure:12328: result: yes
configure:12340: checking rpc/types.h usability
configure:12340: gcc -c -I/usr/X11R6/include -L/usr/X11R6/lib -DBYTESWAPPED  conftest.c >&5
configure:12340: $? = 0
configure:12340: result: yes
configure:12340: checking rpc/types.h presence
configure:12340: gcc -E  conftest.c
configure:12340: $? = 0
configure:12340: result: yes
configure:12340: checking for rpc/types.h
configure:12340: result: yes
configure:12353: checking for main in -lws2_32
configure:12372: gcc -o conftest -I/usr/X11R6/include -L/usr/X11R6/lib -DBYTESWAPPED   conftest.c -lws2_32  -lm  >&5
ld: library not found for -lws2_32
collect2: ld returned 1 exit status
configure:12372: $? = 1
configure: failed program was:
| /* confdefs.h */
| #define PACKAGE_NAME "mbsystem"
| #define PACKAGE_TARNAME "mbsystem"
| #define PACKAGE_VERSION "3.5.2084"
| #define PACKAGE_STRING "mbsystem 3.5.2084"
| #define PACKAGE_BUGREPORT ""
| #define PACKAGE_URL ""
| #define PACKAGE "mbsystem"
| #define VERSION "3.5.2084"
| #define STDC_HEADERS 1
| #define HAVE_SYS_TYPES_H 1
| #define HAVE_SYS_STAT_H 1
| #define HAVE_STDLIB_H 1
| #define HAVE_STRING_H 1
| #define HAVE_MEMORY_H 1
| #define HAVE_STRINGS_H 1
| #define HAVE_INTTYPES_H 1
| #define HAVE_STDINT_H 1
| #define HAVE_UNISTD_H 1
| #define HAVE_DLFCN_H 1
| #define LT_OBJDIR ".libs/"
| #define BYTESWAPPED 1
| #define STDC_HEADERS 1
| #define HAVE_LIBM 1
| #define HAVE_RPC_RPC_H 1
| #define HAVE_RPC_TYPES_H 1
| /* end confdefs.h.  */
| 
| 
| int
| main ()
| {
| return main ();
|   ;
|   return 0;
| }
configure:12381: result: no
configure:12393: checking for xdrmem_create
configure:12393: gcc -o conftest -I/usr/X11R6/include -L/usr/X11R6/lib -DBYTESWAPPED   conftest.c -lm  >&5
configure:12393: $? = 0
configure:12393: result: yes
configure:12679: checking for pkg-config
configure:12697: found /sw/bin/pkg-config
configure:12709: result: /sw/bin/pkg-config
configure:12734: checking pkg-config is at least version 0.9.0
configure:12737: result: yes
configure:12747: checking for libnetcdf
configure:12754: $PKG_CONFIG --exists --print-errors "netcdf"
configure:12757: $? = 0
configure:12770: $PKG_CONFIG --exists --print-errors "netcdf"
configure:12773: $? = 0
configure:12810: result: yes
configure:12968: checking netcdf.h usability
configure:12968: gcc -c -I/usr/X11R6/include -L/usr/X11R6/lib -DBYTESWAPPED -I/sw/include  -I/sw/include conftest.c >&5
configure:12968: $? = 0
configure:12968: result: yes
configure:12968: checking netcdf.h presence
configure:12968: gcc -E  -I/sw/include conftest.c
configure:12968: $? = 0
configure:12968: result: yes
configure:12968: checking for netcdf.h
configure:12968: result: yes
configure:12993: checking for libgmt
configure:13000: $PKG_CONFIG --exists --print-errors "gmt"
Package gmt was not found in the pkg-config search path.
Perhaps you should add the directory containing `gmt.pc'
to the PKG_CONFIG_PATH environment variable
No package 'gmt' found
configure:13003: $? = 1
configure:13016: $PKG_CONFIG --exists --print-errors "gmt"
Package gmt was not found in the pkg-config search path.
Perhaps you should add the directory containing `gmt.pc'
to the PKG_CONFIG_PATH environment variable
No package 'gmt' found
configure:13019: $? = 1
configure:13032: result: no
No package 'gmt' found
configure:13127: checking for GMT_begin in -lgmt
configure:13152: gcc -o conftest -I/usr/X11R6/include -L/usr/X11R6/lib -DBYTESWAPPED   -L/sw/lib -L/sw/lib -lnetcdf -lnetcdf -lm conftest.c -lgmt  -lm  >&5
configure:13152: $? = 0
configure:13161: result: yes
configure:13215: checking gmt.h usability
configure:13215: gcc -c -I/usr/X11R6/include -L/usr/X11R6/lib -DBYTESWAPPED -I/sw/include -I/sw/include  -I/sw/include conftest.c >&5
In file included from /sw/include/gmt.h:636,
                 from conftest.c:61:
/sw/include/gmt_version.h:5:1: warning: "PACKAGE_VERSION" redefined
conftest.c:4:1: warning: this is the location of the previous definition
configure:13215: $? = 0
configure:13215: result: yes
configure:13215: checking gmt.h presence
configure:13215: gcc -E  -I/sw/include conftest.c
In file included from /sw/include/gmt.h:636,
                 from conftest.c:28:
/sw/include/gmt_version.h:5:1: warning: "PACKAGE_VERSION" redefined
conftest.c:4:1: warning: this is the location of the previous definition
configure:13215: $? = 0
configure:13215: result: yes
configure:13215: checking for gmt.h
configure:13215: result: yes
configure:13239: checking for libfftw
configure:13246: $PKG_CONFIG --exists --print-errors "fftw3"
configure:13249: $? = 0
configure:13262: $PKG_CONFIG --exists --print-errors "fftw3"
configure:13265: $? = 0
configure:13302: result: yes
configure:13471: checking fftw3.h usability
configure:13471: gcc -c -I/usr/X11R6/include -L/usr/X11R6/lib -DBYTESWAPPED -I/sw/include  -I/sw/include conftest.c >&5
configure:13471: $? = 0
configure:13471: result: yes
configure:13471: checking fftw3.h presence
configure:13471: gcc -E  -I/sw/include conftest.c
configure:13471: $? = 0
configure:13471: result: yes
configure:13471: checking for fftw3.h
configure:13471: result: yes
configure:13666: checking for XmCreatePushButton in -lXm
configure:13691: gcc -o conftest -I/usr/X11R6/include -L/usr/X11R6/lib -DBYTESWAPPED  -L/sw/lib  conftest.c -lXm  -L/sw/lib -L/sw/lib  >&5
configure:13691: $? = 0
configure:13700: result: yes
configure:13709: checking for XtAppMainLoop in -lXt
configure:13734: gcc -o conftest -I/usr/X11R6/include -L/usr/X11R6/lib -DBYTESWAPPED  -L/sw/lib  conftest.c -lXt  -L/sw/lib -L/sw/lib  >&5
configure:13734: $? = 0
configure:13743: result: yes
configure:13752: checking for XSendEvent in -lX11
configure:13777: gcc -o conftest -I/usr/X11R6/include -L/usr/X11R6/lib -DBYTESWAPPED  -L/sw/lib  conftest.c -lX11  -L/sw/lib -L/sw/lib  >&5
configure:13777: $? = 0
configure:13786: result: yes
configure:13849: checking X11/Intrinsic.h usability
configure:13849: gcc -c -I/usr/X11R6/include -L/usr/X11R6/lib -DBYTESWAPPED -I/sw/include  -I/sw/include conftest.c >&5
configure:13849: $? = 0
configure:13849: result: yes
configure:13849: checking X11/Intrinsic.h presence
configure:13849: gcc -E  -I/sw/include conftest.c
conftest.c:28:27: error: X11/Intrinsic.h: No such file or directory
configure:13849: $? = 1
configure: failed program was:
| /* confdefs.h */
| #define PACKAGE_NAME "mbsystem"
| #define PACKAGE_TARNAME "mbsystem"
| #define PACKAGE_VERSION "3.5.2084"
| #define PACKAGE_STRING "mbsystem 3.5.2084"
| #define PACKAGE_BUGREPORT ""
| #define PACKAGE_URL ""
| #define PACKAGE "mbsystem"
| #define VERSION "3.5.2084"
| #define STDC_HEADERS 1
| #define HAVE_SYS_TYPES_H 1
| #define HAVE_SYS_STAT_H 1
| #define HAVE_STDLIB_H 1
| #define HAVE_STRING_H 1
| #define HAVE_MEMORY_H 1
| #define HAVE_STRINGS_H 1
| #define HAVE_INTTYPES_H 1
| #define HAVE_STDINT_H 1
| #define HAVE_UNISTD_H 1
| #define HAVE_DLFCN_H 1
| #define LT_OBJDIR ".libs/"
| #define BYTESWAPPED 1
| #define STDC_HEADERS 1
| #define HAVE_LIBM 1
| #define HAVE_RPC_RPC_H 1
| #define HAVE_RPC_TYPES_H 1
| /* end confdefs.h.  */
| #include <X11/Intrinsic.h>
configure:13849: result: no
configure:13849: WARNING: X11/Intrinsic.h: accepted by the compiler, rejected by the preprocessor!
configure:13849: WARNING: X11/Intrinsic.h: proceeding with the compiler's result
configure:13849: checking for X11/Intrinsic.h
configure:13849: result: yes
configure:13903: checking for main in -lGL
configure:13922: gcc -o conftest -I/usr/X11R6/include -L/usr/X11R6/lib -DBYTESWAPPED   conftest.c -lGL  -lm  >&5
configure:13922: $? = 0
configure:13931: result: yes
configure:13940: checking for main in -lGLU
configure:13959: gcc -o conftest -I/usr/X11R6/include -L/usr/X11R6/lib -DBYTESWAPPED   conftest.c -lGLU -lGL -lm  >&5
configure:13959: $? = 0
configure:13968: result: yes
configure:14101: checking GL/gl.h usability
configure:14101: gcc -c -I/usr/X11R6/include -L/usr/X11R6/lib -DBYTESWAPPED  conftest.c >&5
configure:14101: $? = 0
configure:14101: result: yes
configure:14101: checking GL/gl.h presence
configure:14101: gcc -E  conftest.c
conftest.c:29:19: error: GL/gl.h: No such file or directory
configure:14101: $? = 1
configure: failed program was:
| /* confdefs.h */
| #define PACKAGE_NAME "mbsystem"
| #define PACKAGE_TARNAME "mbsystem"
| #define PACKAGE_VERSION "3.5.2084"
| #define PACKAGE_STRING "mbsystem 3.5.2084"
| #define PACKAGE_BUGREPORT ""
| #define PACKAGE_URL ""
| #define PACKAGE "mbsystem"
| #define VERSION "3.5.2084"
| #define STDC_HEADERS 1
| #define HAVE_SYS_TYPES_H 1
| #define HAVE_SYS_STAT_H 1
| #define HAVE_STDLIB_H 1
| #define HAVE_STRING_H 1
| #define HAVE_MEMORY_H 1
| #define HAVE_STRINGS_H 1
| #define HAVE_INTTYPES_H 1
| #define HAVE_STDINT_H 1
| #define HAVE_UNISTD_H 1
| #define HAVE_DLFCN_H 1
| #define LT_OBJDIR ".libs/"
| #define BYTESWAPPED 1
| #define STDC_HEADERS 1
| #define HAVE_LIBM 1
| #define HAVE_RPC_RPC_H 1
| #define HAVE_RPC_TYPES_H 1
| #define GOT_MOTIF 1
| /* end confdefs.h.  */
| #include <GL/gl.h>
configure:14101: result: no
configure:14101: WARNING: GL/gl.h: accepted by the compiler, rejected by the preprocessor!
configure:14101: WARNING: GL/gl.h: proceeding with the compiler's result
configure:14101: checking for GL/gl.h
configure:14101: result: yes
configure:14101: checking GL/glu.h usability
configure:14101: gcc -c -I/usr/X11R6/include -L/usr/X11R6/lib -DBYTESWAPPED  conftest.c >&5
configure:14101: $? = 0
configure:14101: result: yes
configure:14101: checking GL/glu.h presence
configure:14101: gcc -E  conftest.c
conftest.c:30:20: error: GL/glu.h: No such file or directory
configure:14101: $? = 1
configure: failed program was:
| /* confdefs.h */
| #define PACKAGE_NAME "mbsystem"
| #define PACKAGE_TARNAME "mbsystem"
| #define PACKAGE_VERSION "3.5.2084"
| #define PACKAGE_STRING "mbsystem 3.5.2084"
| #define PACKAGE_BUGREPORT ""
| #define PACKAGE_URL ""
| #define PACKAGE "mbsystem"
| #define VERSION "3.5.2084"
| #define STDC_HEADERS 1
| #define HAVE_SYS_TYPES_H 1
| #define HAVE_SYS_STAT_H 1
| #define HAVE_STDLIB_H 1
| #define HAVE_STRING_H 1
| #define HAVE_MEMORY_H 1
| #define HAVE_STRINGS_H 1
| #define HAVE_INTTYPES_H 1
| #define HAVE_STDINT_H 1
| #define HAVE_UNISTD_H 1
| #define HAVE_DLFCN_H 1
| #define LT_OBJDIR ".libs/"
| #define BYTESWAPPED 1
| #define STDC_HEADERS 1
| #define HAVE_LIBM 1
| #define HAVE_RPC_RPC_H 1
| #define HAVE_RPC_TYPES_H 1
| #define GOT_MOTIF 1
| #define HAVE_GL_GL_H 1
| /* end confdefs.h.  */
| #include <GL/glu.h>
configure:14101: result: no
configure:14101: WARNING: GL/glu.h: accepted by the compiler, rejected by the preprocessor!
configure:14101: WARNING: GL/glu.h: proceeding with the compiler's result
configure:14101: checking for GL/glu.h
configure:14101: result: yes
configure:14101: checking GL/glx.h usability
configure:14101: gcc -c -I/usr/X11R6/include -L/usr/X11R6/lib -DBYTESWAPPED  conftest.c >&5
configure:14101: $? = 0
configure:14101: result: yes
configure:14101: checking GL/glx.h presence
configure:14101: gcc -E  conftest.c
conftest.c:31:20: error: GL/glx.h: No such file or directory
configure:14101: $? = 1
configure: failed program was:
| /* confdefs.h */
| #define PACKAGE_NAME "mbsystem"
| #define PACKAGE_TARNAME "mbsystem"
| #define PACKAGE_VERSION "3.5.2084"
| #define PACKAGE_STRING "mbsystem 3.5.2084"
| #define PACKAGE_BUGREPORT ""
| #define PACKAGE_URL ""
| #define PACKAGE "mbsystem"
| #define VERSION "3.5.2084"
| #define STDC_HEADERS 1
| #define HAVE_SYS_TYPES_H 1
| #define HAVE_SYS_STAT_H 1
| #define HAVE_STDLIB_H 1
| #define HAVE_STRING_H 1
| #define HAVE_MEMORY_H 1
| #define HAVE_STRINGS_H 1
| #define HAVE_INTTYPES_H 1
| #define HAVE_STDINT_H 1
| #define HAVE_UNISTD_H 1
| #define HAVE_DLFCN_H 1
| #define LT_OBJDIR ".libs/"
| #define BYTESWAPPED 1
| #define STDC_HEADERS 1
| #define HAVE_LIBM 1
| #define HAVE_RPC_RPC_H 1
| #define HAVE_RPC_TYPES_H 1
| #define GOT_MOTIF 1
| #define HAVE_GL_GL_H 1
| #define HAVE_GL_GLU_H 1
| /* end confdefs.h.  */
| #include <GL/glx.h>
configure:14101: result: no
configure:14101: WARNING: GL/glx.h: accepted by the compiler, rejected by the preprocessor!
configure:14101: WARNING: GL/glx.h: proceeding with the compiler's result
configure:14101: checking for GL/glx.h
configure:14101: result: yes
configure:14244: creating ./config.status

## ---------------------- ##
## Running config.status. ##
## ---------------------- ##

This file was extended by mbsystem config.status 3.5.2084, which was
generated by GNU Autoconf 2.69.  Invocation command line was

  CONFIG_FILES    = 
  CONFIG_HEADERS  = 
  CONFIG_LINKS    = 
  CONFIG_COMMANDS = 
  $ ./config.status 

on deitz

config.status:1142: creating Makefile
config.status:1142: creating src/Makefile
config.status:1142: creating src/mbio/Makefile
config.status:1142: creating src/gsf/Makefile
config.status:1142: creating src/surf/Makefile
config.status:1142: creating src/mr1pr/Makefile
config.status:1142: creating src/proj/Makefile
config.status:1142: creating src/mbaux/Makefile
config.status:1142: creating src/utilities/Makefile
config.status:1142: creating src/gmt/Makefile
config.status:1142: creating src/macros/Makefile
config.status:1142: creating src/mbedit/Makefile
config.status:1142: creating src/mbnavedit/Makefile
config.status:1142: creating src/mbvelocitytool/Makefile
config.status:1142: creating src/mbnavadjust/Makefile
config.status:1142: creating src/otps/Makefile
config.status:1142: creating src/mbview/Makefile
config.status:1142: creating src/man/Makefile
config.status:1142: creating src/man/man1/Makefile
config.status:1142: creating src/man/man3/Makefile
config.status:1142: creating src/html/Makefile
config.status:1142: creating src/ps/Makefile
config.status:1142: creating src/share/Makefile
config.status:1142: creating src/mbsystem_config.h
config.status:1371: executing depfiles commands
config.status:1371: executing libtool commands

## ---------------- ##
## Cache variables. ##
## ---------------- ##

ac_cv_build=x86_64-apple-darwin12.3.0
ac_cv_c_bigendian=no
ac_cv_c_compiler_gnu=yes
ac_cv_c_int8_t=yes
ac_cv_env_CCASFLAGS_set=
ac_cv_env_CCASFLAGS_value=
ac_cv_env_CCAS_set=
ac_cv_env_CCAS_value=
ac_cv_env_CC_set=
ac_cv_env_CC_value=
ac_cv_env_CFLAGS_set=set
ac_cv_env_CFLAGS_value='-I/usr/X11R6/include -L/usr/X11R6/lib -DBYTESWAPPED'
ac_cv_env_CPPFLAGS_set=
ac_cv_env_CPPFLAGS_value=
ac_cv_env_CPP_set=
ac_cv_env_CPP_value=
ac_cv_env_LDFLAGS_set=
ac_cv_env_LDFLAGS_value=
ac_cv_env_LIBS_set=
ac_cv_env_LIBS_value=
ac_cv_env_PKG_CONFIG_LIBDIR_set=
ac_cv_env_PKG_CONFIG_LIBDIR_value=
ac_cv_env_PKG_CONFIG_PATH_set=
ac_cv_env_PKG_CONFIG_PATH_value=
ac_cv_env_PKG_CONFIG_set=
ac_cv_env_PKG_CONFIG_value=
ac_cv_env_build_alias_set=
ac_cv_env_build_alias_value=
ac_cv_env_host_alias_set=
ac_cv_env_host_alias_value=
ac_cv_env_libfftw_CFLAGS_set=
ac_cv_env_libfftw_CFLAGS_value=
ac_cv_env_libfftw_LIBS_set=
ac_cv_env_libfftw_LIBS_value=
ac_cv_env_libgmt_CFLAGS_set=
ac_cv_env_libgmt_CFLAGS_value=
ac_cv_env_libgmt_LIBS_set=
ac_cv_env_libgmt_LIBS_value=
ac_cv_env_libnetcdf_CFLAGS_set=
ac_cv_env_libnetcdf_CFLAGS_value=
ac_cv_env_libnetcdf_LIBS_set=
ac_cv_env_libnetcdf_LIBS_value=
ac_cv_env_target_alias_set=
ac_cv_env_target_alias_value=
ac_cv_func_xdrmem_create=yes
ac_cv_header_GL_gl_h=yes
ac_cv_header_GL_glu_h=yes
ac_cv_header_GL_glx_h=yes
ac_cv_header_X11_Intrinsic_h=yes
ac_cv_header_dlfcn_h=yes
ac_cv_header_fftw3_h=yes
ac_cv_header_gmt_h=yes
ac_cv_header_inttypes_h=yes
ac_cv_header_malloc_h=no
ac_cv_header_memory_h=yes
ac_cv_header_netcdf_h=yes
ac_cv_header_rpc_rpc_h=yes
ac_cv_header_rpc_types_h=yes
ac_cv_header_stdc=yes
ac_cv_header_stdint_h=yes
ac_cv_header_stdlib_h=yes
ac_cv_header_string_h=yes
ac_cv_header_strings_h=yes
ac_cv_header_sys_stat_h=yes
ac_cv_header_sys_types_h=yes
ac_cv_header_unistd_h=yes
ac_cv_host=x86_64-apple-darwin12.3.0
ac_cv_lib_GLU_main=yes
ac_cv_lib_GL_main=yes
ac_cv_lib_X11_XSendEvent=yes
ac_cv_lib_Xm_XmCreatePushButton=yes
ac_cv_lib_Xt_XtAppMainLoop=yes
ac_cv_lib_gmt_GMT_begin=yes
ac_cv_lib_m_exp=yes
ac_cv_lib_ws2_32_main=no
ac_cv_objext=o
ac_cv_path_EGREP='/usr/bin/grep -E'
ac_cv_path_FGREP='/usr/bin/grep -F'
ac_cv_path_GREP=/usr/bin/grep
ac_cv_path_SED=/usr/bin/sed
ac_cv_path_ac_pt_PKG_CONFIG=/sw/bin/pkg-config
ac_cv_path_install='/sw/bin/ginstall -c'
ac_cv_path_mkdir=/sw/bin/gmkdir
ac_cv_prog_AWK=awk
ac_cv_prog_CPP='gcc -E'
ac_cv_prog_ac_ct_AR=ar
ac_cv_prog_ac_ct_CC=gcc
ac_cv_prog_ac_ct_DSYMUTIL=dsymutil
ac_cv_prog_ac_ct_LIPO=lipo
ac_cv_prog_ac_ct_NMEDIT=nmedit
ac_cv_prog_ac_ct_OTOOL=otool
ac_cv_prog_ac_ct_RANLIB=ranlib
ac_cv_prog_ac_ct_STRIP=strip
ac_cv_prog_cc_c89=
ac_cv_prog_cc_g=yes
ac_cv_prog_cc_gcc_c_o=yes
ac_cv_prog_make_make_set=yes
am_cv_CCAS_dependencies_compiler_type=gcc3
am_cv_CC_dependencies_compiler_type=gcc3
am_cv_ar_interface=ar
lt_cv_apple_cc_single_mod=yes
lt_cv_ar_at_file=no
lt_cv_deplibs_check_method=pass_all
lt_cv_file_magic_cmd='$MAGIC_CMD'
lt_cv_file_magic_test_file=
lt_cv_ld_exported_symbols_list=yes
lt_cv_ld_force_load=yes
lt_cv_ld_reload_flag=-r
lt_cv_nm_interface='BSD nm'
lt_cv_objdir=.libs
lt_cv_path_LD=/usr/llvm-gcc-4.2/libexec/gcc/i686-apple-darwin11/4.2.1/ld
lt_cv_path_NM=/usr/bin/nm
lt_cv_path_mainfest_tool=no
lt_cv_prog_compiler_c_o=yes
lt_cv_prog_compiler_pic='-fno-common -DPIC'
lt_cv_prog_compiler_pic_works=yes
lt_cv_prog_compiler_rtti_exceptions=no
lt_cv_prog_compiler_static_works=no
lt_cv_prog_gnu_ld=no
lt_cv_sharedlib_from_linklib_cmd='printf %s\n'
lt_cv_sys_global_symbol_pipe='sed -n -e '\''s/^.*[	 ]\([BCDEGRST][BCDEGRST]*\)[	 ][	 ]*_\([_A-Za-z][_A-Za-z0-9]*\)$/\1 _\2 \2/p'\'' | sed '\''/ __gnu_lto/d'\'''
lt_cv_sys_global_symbol_to_c_name_address='sed -n -e '\''s/^: \([^ ]*\)[ ]*$/  {\"\1\", (void *) 0},/p'\'' -e '\''s/^[BCDEGRST]* \([^ ]*\) \([^ ]*\)$/  {"\2", (void *) \&\2},/p'\'''
lt_cv_sys_global_symbol_to_c_name_address_lib_prefix='sed -n -e '\''s/^: \([^ ]*\)[ ]*$/  {\"\1\", (void *) 0},/p'\'' -e '\''s/^[BCDEGRST]* \([^ ]*\) \(lib[^ ]*\)$/  {"\2", (void *) \&\2},/p'\'' -e '\''s/^[BCDEGRST]* \([^ ]*\) \([^ ]*\)$/  {"lib\2", (void *) \&\2},/p'\'''
lt_cv_sys_global_symbol_to_cdecl='sed -n -e '\''s/^T .* \(.*\)$/extern int \1();/p'\'' -e '\''s/^[BCDEGRST]* .* \(.*\)$/extern char \1;/p'\'''
lt_cv_sys_max_cmd_len=196608
lt_cv_to_host_file_cmd=func_convert_file_noop
lt_cv_to_tool_file_cmd=func_convert_file_noop
pkg_cv_libfftw_CFLAGS='-I/sw/include  '
pkg_cv_libfftw_LIBS='-L/sw/lib -lfftw3 -lm'
pkg_cv_libnetcdf_CFLAGS='-I/sw/include  '
pkg_cv_libnetcdf_LIBS='-L/sw/lib -lnetcdf'

## ----------------- ##
## Output variables. ##
## ----------------- ##

ACLOCAL='${SHELL} /Users/caress/sandbox/mbsystem/missing --run aclocal-1.11'
AMDEPBACKSLASH='\'
AMDEP_FALSE='#'
AMDEP_TRUE=''
AMTAR='$${TAR-tar}'
AR='ar'
AUTOCONF='${SHELL} /Users/caress/sandbox/mbsystem/missing --run autoconf'
AUTOHEADER='${SHELL} /Users/caress/sandbox/mbsystem/missing --run autoheader'
AUTOMAKE='${SHELL} /Users/caress/sandbox/mbsystem/missing --run automake-1.11'
AWK='awk'
BUILD_FFTW_FALSE='#'
BUILD_FFTW_TRUE=''
BUILD_GL_FALSE='#'
BUILD_GL_TRUE=''
BUILD_MOTIF_FALSE='#'
BUILD_MOTIF_TRUE=''
CC='gcc'
CCAS='gcc'
CCASDEPMODE='depmode=gcc3'
CCASFLAGS='-I/usr/X11R6/include -L/usr/X11R6/lib -DBYTESWAPPED'
CCDEPMODE='depmode=gcc3'
CDF_INC_DIR='-I/sw/include'
CFLAGS='-I/usr/X11R6/include -L/usr/X11R6/lib -DBYTESWAPPED'
CPP='gcc -E'
CPPFLAGS=''
CYGPATH_W='echo'
DEFS='-DHAVE_CONFIG_H'
DEPDIR='.deps'
DLLTOOL='false'
DSYMUTIL='dsymutil'
DUMPBIN=''
ECHO_C='\c'
ECHO_N=''
ECHO_T=''
EGREP='/usr/bin/grep -E'
EXEEXT=''
FFTW_INC_DIR='-I/sw/include'
FGREP='/usr/bin/grep -F'
GL_INC_DIR=''
GL_LIB='-lGL -lGLU'
GL_LIB_DIR=''
GMT_INC_DIR='-I/sw/include'
GREP='/usr/bin/grep'
INSTALL_DATA='${INSTALL} -m 644'
INSTALL_PROGRAM='${INSTALL}'
INSTALL_SCRIPT='${INSTALL}'
INSTALL_STRIP_PROGRAM='$(install_sh) -c -s'
LD='/usr/llvm-gcc-4.2/libexec/gcc/i686-apple-darwin11/4.2.1/ld'
LDFLAGS=''
LIBOBJS=''
LIBS='-lm '
LIBTOOL='$(SHELL) $(top_builddir)/libtool'
LIBTOOL_DEPS='./ltmain.sh'
LIPO='lipo'
LN_S='ln -s'
LTLIBOBJS=''
MAINT='#'
MAINTAINER_MODE_FALSE=''
MAINTAINER_MODE_TRUE='#'
MAKEINFO='${SHELL} /Users/caress/sandbox/mbsystem/missing --run makeinfo'
MANIFEST_TOOL=':'
MKDIR_P='/sw/bin/gmkdir -p'
MOTIF_INC_DIR='-I/sw/include'
MOTIF_LIB='-lXm -lXt -lX11'
MOTIF_LIB_DIR='-L/sw/lib'
NM='/usr/bin/nm'
NMEDIT='nmedit'
OBJDUMP='false'
OBJEXT='o'
OTOOL64=':'
OTOOL='otool'
OTPS_DIR='/usr/local/OTPSnc'
PACKAGE='mbsystem'
PACKAGE_BUGREPORT=''
PACKAGE_NAME='mbsystem'
PACKAGE_STRING='mbsystem 3.5.2084'
PACKAGE_TARNAME='mbsystem'
PACKAGE_URL=''
PACKAGE_VERSION='3.5.2084'
PATH_SEPARATOR=':'
PKG_CONFIG='/sw/bin/pkg-config'
PKG_CONFIG_LIBDIR=''
PKG_CONFIG_PATH=''
RANLIB='ranlib'
SED='/usr/bin/sed'
SET_MAKE=''
SHELL='/bin/sh'
STRIP='strip'
VERSION='3.5.2084'
XDR_LIB=''
ac_ct_AR='ar'
ac_ct_CC='gcc'
ac_ct_DUMPBIN=''
am__EXEEXT_FALSE=''
am__EXEEXT_TRUE='#'
am__fastdepCCAS_FALSE='#'
am__fastdepCCAS_TRUE=''
am__fastdepCC_FALSE='#'
am__fastdepCC_TRUE=''
am__include='include'
am__isrc=''
am__leading_dot='.'
am__nodep='_no'
am__quote=''
am__tar='$${TAR-tar} chof - "$$tardir"'
am__untar='$${TAR-tar} xf -'
bindir='${exec_prefix}/bin'
build='x86_64-apple-darwin12.3.0'
build_alias=''
build_cpu='x86_64'
build_os='darwin12.3.0'
build_vendor='apple'
datadir='${datarootdir}'
datarootdir='${prefix}/share'
docdir='${datarootdir}/doc/${PACKAGE_TARNAME}'
dvidir='${docdir}'
exec_prefix='${prefix}'
fftw_app=''
host='x86_64-apple-darwin12.3.0'
host_alias=''
host_cpu='x86_64'
host_os='darwin12.3.0'
host_vendor='apple'
htmldir='${docdir}'
includedir='${prefix}/include'
infodir='${datarootdir}/info'
install_sh='${SHELL} /Users/caress/sandbox/mbsystem/install-sh'
libdir='${exec_prefix}/lib'
libexecdir='${exec_prefix}/libexec'
libfftw_CFLAGS='-I/sw/include  '
libfftw_LIBS='-L/sw/lib -lfftw3 -lm'
libgmt_CFLAGS='-L/sw/lib'
libgmt_LIBS='-lgmt'
libnetcdf_CFLAGS='-I/sw/include  '
libnetcdf_LIBS='-L/sw/lib -lnetcdf'
localedir='${datarootdir}/locale'
localstatedir='${prefix}/var'
mandir='${datarootdir}/man'
mbsystemdatadir='${datarootdir}/mbsystem'
mkdir_p='/sw/bin/gmkdir -p'
oldincludedir='/usr/include'
pdfdir='${docdir}'
prefix='/Users/caress/buildtest'
program_transform_name='s,x,x,'
psdir='${docdir}'
sbindir='${exec_prefix}/sbin'
sharedstatedir='${prefix}/com'
sysconfdir='${prefix}/etc'
target_alias=''

## ----------- ##
## confdefs.h. ##
## ----------- ##

/* confdefs.h */
#define PACKAGE_NAME "mbsystem"
#define PACKAGE_TARNAME "mbsystem"
#define PACKAGE_VERSION "3.5.2084"
#define PACKAGE_STRING "mbsystem 3.5.2084"
#define PACKAGE_BUGREPORT ""
#define PACKAGE_URL ""
#define PACKAGE "mbsystem"
#define VERSION "3.5.2084"
#define STDC_HEADERS 1
#define HAVE_SYS_TYPES_H 1
#define HAVE_SYS_STAT_H 1
#define HAVE_STDLIB_H 1
#define HAVE_STRING_H 1
#define HAVE_MEMORY_H 1
#define HAVE_STRINGS_H 1
#define HAVE_INTTYPES_H 1
#define HAVE_STDINT_H 1
#define HAVE_UNISTD_H 1
#define HAVE_DLFCN_H 1
#define LT_OBJDIR ".libs/"
#define BYTESWAPPED 1
#define STDC_HEADERS 1
#define HAVE_LIBM 1
#define HAVE_RPC_RPC_H 1
#define HAVE_RPC_TYPES_H 1
#define GOT_MOTIF 1
#define HAVE_GL_GL_H 1
#define HAVE_GL_GLU_H 1
#define HAVE_GL_GLX_H 1
#define GOT_GL 1

configure: exit 0
