This file contains any messages produced by compilers while
running configure, to aid debugging if configure makes a mistake.

It was created by mbsystem configure 3.5.2017, which was
generated by GNU Autoconf 2.69.  Invocation command line was

  $ ./configure --prefix=/Users/caress/sandbox/mbsystem --with-netcdf-include=/sw/include --with-netcdf-lib=/sw/lib --with-gmt-include=/sw/include --with-gmt-lib=/sw/lib --with-fftw-include=/sw/include --with-fftw-lib=/sw/lib --with-motif-include=/sw/include --with-motif-lib=/sw/lib

## --------- ##
## Platform. ##
## --------- ##

hostname = deitz
uname -m = x86_64
uname -r = 12.3.0
uname -s = Darwin
uname -v = Darwin Kernel Version 12.3.0: Sun Jan  6 22:37:10 PST 2013; root:xnu-2050.22.13~1/RELEASE_X86_64

/usr/bin/uname -p = i386
/bin/uname -X     = unknown

/bin/arch              = unknown
/usr/bin/arch -k       = unknown
/usr/convex/getsysinfo = unknown
/usr/bin/hostinfo      = Mach kernel version:
	 Darwin Kernel Version 12.3.0: Sun Jan  6 22:37:10 PST 2013; root:xnu-2050.22.13~1/RELEASE_X86_64
Kernel configured for up to 8 processors.
4 processors are physically available.
8 processors are logically available.
Processor type: i486 (Intel 80486)
Processors active: 0 1 2 3 4 5 6 7
Primary memory available: 16.00 gigabytes
Default processor set: 121 tasks, 556 threads, 8 processors
Load average: 0.80, Mach factor: 7.18
/bin/machine           = unknown
/usr/bin/oslevel       = unknown
/bin/universe          = unknown

PATH: /opt/local/bin
PATH: /opt/local/sbin
PATH: .
PATH: /Users/caress/sandbox/mbsystem/bin
PATH: /Users/caress/sandbox/mbseis/bin
PATH: /Users/caress/sandbox/mosystem/bin
PATH: /usr/local/bin
PATH: /usr/local/gmt/bin
PATH: /usr/local/mbsystem/bin/
PATH: /opt/local/bin
PATH: /opt/local/sbin
PATH: /sw/bin
PATH: /Users/caress/bin
PATH: /usr/bin
PATH: /bin
PATH: /usr/sbin
PATH: /sbin
PATH: /usr/local/bin
PATH: /opt/X11/bin


## ----------- ##
## Core tests. ##
## ----------- ##

configure:2380: checking build system type
configure:2394: result: x86_64-apple-darwin12.3.0
configure:2414: checking host system type
configure:2427: result: x86_64-apple-darwin12.3.0
configure:2464: checking for a BSD-compatible install
configure:2532: result: /sw/bin/ginstall -c
configure:2543: checking whether build environment is sane
configure:2593: result: yes
configure:2734: checking for a thread-safe mkdir -p
configure:2773: result: /sw/bin/gmkdir -p
configure:2786: checking for gawk
configure:2816: result: no
configure:2786: checking for mawk
configure:2816: result: no
configure:2786: checking for nawk
configure:2816: result: no
configure:2786: checking for awk
configure:2802: found /usr/bin/awk
configure:2813: result: awk
configure:2824: checking whether make sets $(MAKE)
configure:2846: result: yes
configure:2927: checking whether to enable maintainer-specific portions of Makefiles
configure:2936: result: no
configure:3000: checking for gcc
configure:3016: found /usr/bin/gcc
configure:3027: result: gcc
configure:3256: checking for C compiler version
configure:3265: gcc --version >&5
i686-apple-darwin11-llvm-gcc-4.2 (GCC) 4.2.1 (Based on Apple Inc. build 5658) (LLVM build 2336.11.00)
Copyright (C) 2007 Free Software Foundation, Inc.
This is free software; see the source for copying conditions.  There is NO
warranty; not even for MERCHANTABILITY or FITNESS FOR A PARTICULAR PURPOSE.

configure:3276: $? = 0
configure:3265: gcc -v >&5
Using built-in specs.
Target: i686-apple-darwin11
Configured with: /private/var/tmp/llvmgcc42/llvmgcc42-2336.11~67/src/configure --disable-checking --enable-werror --prefix=/Applications/Xcode.app/Contents/Developer/usr/llvm-gcc-4.2 --mandir=/share/man --enable-languages=c,objc,c++,obj-c++ --program-prefix=llvm- --program-transform-name=/^[cg][^.-]*$/s/$/-4.2/ --with-slibdir=/usr/lib --build=i686-apple-darwin11 --enable-llvm=/private/var/tmp/llvmgcc42/llvmgcc42-2336.11~67/dst-llvmCore/Developer/usr/local --program-prefix=i686-apple-darwin11- --host=x86_64-apple-darwin11 --target=i686-apple-darwin11 --with-gxx-include-dir=/usr/include/c++/4.2.1
Thread model: posix
gcc version 4.2.1 (Based on Apple Inc. build 5658) (LLVM build 2336.11.00)
configure:3276: $? = 0
configure:3265: gcc -V >&5
llvm-gcc-4.2: argument to `-V' is missing
configure:3276: $? = 1
configure:3265: gcc -qversion >&5
i686-apple-darwin11-llvm-gcc-4.2: no input files
configure:3276: $? = 1
configure:3296: checking whether the C compiler works
configure:3318: gcc -I/usr/X11R6/include -L/usr/X11R6/lib -DDARWIN -DBYTESWAPPED   conftest.c  >&5
configure:3322: $? = 0
configure:3370: result: yes
configure:3373: checking for C compiler default output file name
configure:3375: result: a.out
configure:3381: checking for suffix of executables
configure:3388: gcc -o conftest -I/usr/X11R6/include -L/usr/X11R6/lib -DDARWIN -DBYTESWAPPED   conftest.c  >&5
configure:3392: $? = 0
configure:3414: result: 
configure:3436: checking whether we are cross compiling
configure:3444: gcc -o conftest -I/usr/X11R6/include -L/usr/X11R6/lib -DDARWIN -DBYTESWAPPED   conftest.c  >&5
configure:3448: $? = 0
configure:3455: ./conftest
configure:3459: $? = 0
configure:3474: result: no
configure:3479: checking for suffix of object files
configure:3501: gcc -c -I/usr/X11R6/include -L/usr/X11R6/lib -DDARWIN -DBYTESWAPPED  conftest.c >&5
configure:3505: $? = 0
configure:3526: result: o
configure:3530: checking whether we are using the GNU C compiler
configure:3549: gcc -c -I/usr/X11R6/include -L/usr/X11R6/lib -DDARWIN -DBYTESWAPPED  conftest.c >&5
configure:3549: $? = 0
configure:3558: result: yes
configure:3567: checking whether gcc accepts -g
configure:3587: gcc -c -g  conftest.c >&5
configure:3587: $? = 0
configure:3628: result: yes
configure:3645: checking for gcc option to accept ISO C89
configure:3708: gcc  -c -I/usr/X11R6/include -L/usr/X11R6/lib -DDARWIN -DBYTESWAPPED  conftest.c >&5
configure:3708: $? = 0
configure:3721: result: none needed
configure:3752: checking for style of include used by make
configure:3780: result: GNU
configure:3806: checking dependency style of gcc
configure:3917: result: gcc3
configure:3933: checking whether gcc and cc understand -c and -o together
configure:3964: gcc -c conftest.c -o conftest2.o >&5
configure:3968: $? = 0
configure:3974: gcc -c conftest.c -o conftest2.o >&5
configure:3978: $? = 0
configure:3989: cc -c conftest.c >&5
configure:3993: $? = 0
configure:4001: cc -c conftest.c -o conftest2.o >&5
configure:4005: $? = 0
configure:4011: cc -c conftest.c -o conftest2.o >&5
configure:4015: $? = 0
configure:4033: result: yes
configure:4068: checking dependency style of gcc
configure:4177: result: gcc3
configure:4192: checking whether ln -s works
configure:4196: result: yes
configure:4203: checking whether make sets $(MAKE)
configure:4225: result: yes
configure:4280: checking how to print strings
configure:4307: result: printf
configure:4328: checking for a sed that does not truncate output
configure:4392: result: /usr/bin/sed
configure:4410: checking for grep that handles long lines and -e
configure:4468: result: /usr/bin/grep
configure:4473: checking for egrep
configure:4535: result: /usr/bin/grep -E
configure:4540: checking for fgrep
configure:4602: result: /usr/bin/grep -F
configure:4637: checking for ld used by gcc
configure:4704: result: /usr/llvm-gcc-4.2/libexec/gcc/i686-apple-darwin11/4.2.1/ld
configure:4711: checking if the linker (/usr/llvm-gcc-4.2/libexec/gcc/i686-apple-darwin11/4.2.1/ld) is GNU ld
configure:4726: result: no
configure:4738: checking for BSD- or MS-compatible name lister (nm)
configure:4787: result: /usr/bin/nm
configure:4917: checking the name lister (/usr/bin/nm) interface
configure:4924: gcc -c -I/usr/X11R6/include -L/usr/X11R6/lib -DDARWIN -DBYTESWAPPED  conftest.c >&5
configure:4927: /usr/bin/nm "conftest.o"
configure:4930: output
0000000000000000 S _some_variable
configure:4937: result: BSD nm
configure:4941: checking the maximum length of command line arguments
configure:5071: result: 196608
configure:5088: checking whether the shell understands some XSI constructs
configure:5098: result: yes
configure:5102: checking whether the shell understands "+="
configure:5108: result: yes
configure:5143: checking how to convert x86_64-apple-darwin12.3.0 file names to x86_64-apple-darwin12.3.0 format
configure:5183: result: func_convert_file_noop
configure:5190: checking how to convert x86_64-apple-darwin12.3.0 file names to toolchain format
configure:5210: result: func_convert_file_noop
configure:5217: checking for /usr/llvm-gcc-4.2/libexec/gcc/i686-apple-darwin11/4.2.1/ld option to reload object files
configure:5224: result: -r
configure:5298: checking for objdump
configure:5328: result: no
configure:5357: checking how to recognize dependent libraries
configure:5559: result: pass_all
configure:5644: checking for dlltool
configure:5674: result: no
configure:5704: checking how to associate runtime and link libraries
configure:5731: result: printf %s\n
configure:5792: checking for ar
configure:5808: found /usr/bin/ar
configure:5819: result: ar
configure:5856: checking for archiver @FILE support
configure:5873: gcc -c -I/usr/X11R6/include -L/usr/X11R6/lib -DDARWIN -DBYTESWAPPED  conftest.c >&5
configure:5873: $? = 0
configure:5876: ar cru libconftest.a @conftest.lst >&5
ar: @conftest.lst: No such file or directory
configure:5879: $? = 1
configure:5899: result: no
configure:5957: checking for strip
configure:5973: found /usr/bin/strip
configure:5984: result: strip
configure:6056: checking for ranlib
configure:6072: found /usr/bin/ranlib
configure:6083: result: ranlib
configure:6185: checking command to parse /usr/bin/nm output from gcc object
configure:6305: gcc -c -I/usr/X11R6/include -L/usr/X11R6/lib -DDARWIN -DBYTESWAPPED  conftest.c >&5
configure:6308: $? = 0
configure:6312: /usr/bin/nm conftest.o \| sed -n -e 's/^.*[ ]\([BCDEGRST][BCDEGRST]*\)[ ][ ]*\([_A-Za-z][_A-Za-z0-9]*\)$/\1 \2 \2/p' | sed '/ __gnu_lto/d' \> conftest.nm
configure:6315: $? = 0
cannot find nm_test_var in conftest.nm
configure:6305: gcc -c -I/usr/X11R6/include -L/usr/X11R6/lib -DDARWIN -DBYTESWAPPED  conftest.c >&5
configure:6308: $? = 0
configure:6312: /usr/bin/nm conftest.o \| sed -n -e 's/^.*[ ]\([BCDEGRST][BCDEGRST]*\)[ ][ ]*_\([_A-Za-z][_A-Za-z0-9]*\)$/\1 _\2 \2/p' | sed '/ __gnu_lto/d' \> conftest.nm
configure:6315: $? = 0
configure:6381: gcc -o conftest -I/usr/X11R6/include -L/usr/X11R6/lib -DDARWIN -DBYTESWAPPED   conftest.c conftstm.o >&5
configure:6384: $? = 0
configure:6422: result: ok
configure:6459: checking for sysroot
configure:6489: result: no
configure:6745: checking for mt
configure:6775: result: no
configure:6795: checking if : is a manifest tool
configure:6801: : '-?'
configure:6809: result: no
configure:6865: checking for dsymutil
configure:6881: found /usr/bin/dsymutil
configure:6892: result: dsymutil
configure:6957: checking for nmedit
configure:6973: found /usr/bin/nmedit
configure:6984: result: nmedit
configure:7049: checking for lipo
configure:7065: found /usr/bin/lipo
configure:7076: result: lipo
configure:7141: checking for otool
configure:7157: found /usr/bin/otool
configure:7168: result: otool
configure:7233: checking for otool64
configure:7263: result: no
configure:7308: checking for -single_module linker flag
gcc -I/usr/X11R6/include -L/usr/X11R6/lib -DDARWIN -DBYTESWAPPED  -o libconftest.dylib -dynamiclib -Wl,-single_module conftest.c
configure:7341: result: yes
configure:7344: checking for -exported_symbols_list linker flag
configure:7364: gcc -o conftest -I/usr/X11R6/include -L/usr/X11R6/lib -DDARWIN -DBYTESWAPPED   -Wl,-exported_symbols_list,conftest.sym conftest.c  >&5
configure:7364: $? = 0
configure:7374: result: yes
configure:7377: checking for -force_load linker flag
gcc -I/usr/X11R6/include -L/usr/X11R6/lib -DDARWIN -DBYTESWAPPED -c -o conftest.o conftest.c
ar cru libconftest.a conftest.o
ranlib libconftest.a
gcc -I/usr/X11R6/include -L/usr/X11R6/lib -DDARWIN -DBYTESWAPPED  -o conftest conftest.c -Wl,-force_load,./libconftest.a
configure:7409: result: yes
configure:7451: checking how to run the C preprocessor
configure:7482: gcc -E  conftest.c
configure:7482: $? = 0
configure:7496: gcc -E  conftest.c
conftest.c:11:28: error: ac_nonexistent.h: No such file or directory
configure:7496: $? = 1
configure: failed program was:
| /* confdefs.h */
| #define PACKAGE_NAME "mbsystem"
| #define PACKAGE_TARNAME "mbsystem"
| #define PACKAGE_VERSION "3.5.2017"
| #define PACKAGE_STRING "mbsystem 3.5.2017"
| #define PACKAGE_BUGREPORT ""
| #define PACKAGE_URL ""
| #define PACKAGE "mbsystem"
| #define VERSION "3.5.2017"
| /* end confdefs.h.  */
| #include <ac_nonexistent.h>
configure:7521: result: gcc -E
configure:7541: gcc -E  conftest.c
configure:7541: $? = 0
configure:7555: gcc -E  conftest.c
conftest.c:11:28: error: ac_nonexistent.h: No such file or directory
configure:7555: $? = 1
configure: failed program was:
| /* confdefs.h */
| #define PACKAGE_NAME "mbsystem"
| #define PACKAGE_TARNAME "mbsystem"
| #define PACKAGE_VERSION "3.5.2017"
| #define PACKAGE_STRING "mbsystem 3.5.2017"
| #define PACKAGE_BUGREPORT ""
| #define PACKAGE_URL ""
| #define PACKAGE "mbsystem"
| #define VERSION "3.5.2017"
| /* end confdefs.h.  */
| #include <ac_nonexistent.h>
configure:7584: checking for ANSI C header files
configure:7604: gcc -c -I/usr/X11R6/include -L/usr/X11R6/lib -DDARWIN -DBYTESWAPPED  conftest.c >&5
configure:7604: $? = 0
configure:7677: gcc -o conftest -I/usr/X11R6/include -L/usr/X11R6/lib -DDARWIN -DBYTESWAPPED   conftest.c  >&5
configure:7677: $? = 0
configure:7677: ./conftest
configure:7677: $? = 0
configure:7688: result: yes
configure:7701: checking for sys/types.h
configure:7701: gcc -c -I/usr/X11R6/include -L/usr/X11R6/lib -DDARWIN -DBYTESWAPPED  conftest.c >&5
configure:7701: $? = 0
configure:7701: result: yes
configure:7701: checking for sys/stat.h
configure:7701: gcc -c -I/usr/X11R6/include -L/usr/X11R6/lib -DDARWIN -DBYTESWAPPED  conftest.c >&5
configure:7701: $? = 0
configure:7701: result: yes
configure:7701: checking for stdlib.h
configure:7701: gcc -c -I/usr/X11R6/include -L/usr/X11R6/lib -DDARWIN -DBYTESWAPPED  conftest.c >&5
configure:7701: $? = 0
configure:7701: result: yes
configure:7701: checking for string.h
configure:7701: gcc -c -I/usr/X11R6/include -L/usr/X11R6/lib -DDARWIN -DBYTESWAPPED  conftest.c >&5
configure:7701: $? = 0
configure:7701: result: yes
configure:7701: checking for memory.h
configure:7701: gcc -c -I/usr/X11R6/include -L/usr/X11R6/lib -DDARWIN -DBYTESWAPPED  conftest.c >&5
configure:7701: $? = 0
configure:7701: result: yes
configure:7701: checking for strings.h
configure:7701: gcc -c -I/usr/X11R6/include -L/usr/X11R6/lib -DDARWIN -DBYTESWAPPED  conftest.c >&5
configure:7701: $? = 0
configure:7701: result: yes
configure:7701: checking for inttypes.h
configure:7701: gcc -c -I/usr/X11R6/include -L/usr/X11R6/lib -DDARWIN -DBYTESWAPPED  conftest.c >&5
configure:7701: $? = 0
configure:7701: result: yes
configure:7701: checking for stdint.h
configure:7701: gcc -c -I/usr/X11R6/include -L/usr/X11R6/lib -DDARWIN -DBYTESWAPPED  conftest.c >&5
configure:7701: $? = 0
configure:7701: result: yes
configure:7701: checking for unistd.h
configure:7701: gcc -c -I/usr/X11R6/include -L/usr/X11R6/lib -DDARWIN -DBYTESWAPPED  conftest.c >&5
configure:7701: $? = 0
configure:7701: result: yes
configure:7715: checking for dlfcn.h
configure:7715: gcc -c -I/usr/X11R6/include -L/usr/X11R6/lib -DDARWIN -DBYTESWAPPED  conftest.c >&5
configure:7715: $? = 0
configure:7715: result: yes
configure:7921: checking for objdir
configure:7936: result: .libs
configure:8207: checking if gcc supports -fno-rtti -fno-exceptions
configure:8225: gcc -c -I/usr/X11R6/include -L/usr/X11R6/lib -DDARWIN -DBYTESWAPPED  -fno-rtti -fno-exceptions conftest.c >&5
cc1: warning: command line option "-fno-rtti" is valid for C++/ObjC++ but not for C
configure:8229: $? = 0
configure:8242: result: no
configure:8569: checking for gcc option to produce PIC
configure:8576: result: -fno-common -DPIC
configure:8584: checking if gcc PIC flag -fno-common -DPIC works
configure:8602: gcc -c -I/usr/X11R6/include -L/usr/X11R6/lib -DDARWIN -DBYTESWAPPED  -fno-common -DPIC -DPIC conftest.c >&5
configure:8606: $? = 0
configure:8619: result: yes
configure:8648: checking if gcc static flag -static works
configure:8676: result: no
configure:8691: checking if gcc supports -c -o file.o
configure:8712: gcc -c -I/usr/X11R6/include -L/usr/X11R6/lib -DDARWIN -DBYTESWAPPED  -o out/conftest2.o conftest.c >&5
configure:8716: $? = 0
configure:8738: result: yes
configure:8746: checking if gcc supports -c -o file.o
configure:8793: result: yes
configure:8826: checking whether the gcc linker (/usr/llvm-gcc-4.2/libexec/gcc/i686-apple-darwin11/4.2.1/ld) supports shared libraries
configure:9979: result: yes
configure:10219: checking dynamic linker characteristics
configure:10952: result: darwin12.3.0 dyld
configure:11059: checking how to hardcode library paths into programs
configure:11084: result: immediate
configure:11624: checking whether stripping libraries is possible
configure:11638: result: yes
configure:11664: checking if libtool supports shared libraries
configure:11666: result: yes
configure:11669: checking whether to build shared libraries
configure:11690: result: yes
configure:11693: checking whether to build static libraries
configure:11697: result: yes
configure:11738: checking whether byte ordering is bigendian
configure:11753: gcc -c -I/usr/X11R6/include -L/usr/X11R6/lib -DDARWIN -DBYTESWAPPED  conftest.c >&5
configure:11753: $? = 0
configure:11798: gcc -c -I/usr/X11R6/include -L/usr/X11R6/lib -DDARWIN -DBYTESWAPPED  conftest.c >&5
configure:11798: $? = 0
configure:11816: gcc -c -I/usr/X11R6/include -L/usr/X11R6/lib -DDARWIN -DBYTESWAPPED  conftest.c >&5
conftest.c: In function 'main':
conftest.c:30: error: 'not' undeclared (first use in this function)
conftest.c:30: error: (Each undeclared identifier is reported only once
conftest.c:30: error: for each function it appears in.)
conftest.c:30: error: expected ';' before 'big'
configure:11816: $? = 1
configure: failed program was:
| /* confdefs.h */
| #define PACKAGE_NAME "mbsystem"
| #define PACKAGE_TARNAME "mbsystem"
| #define PACKAGE_VERSION "3.5.2017"
| #define PACKAGE_STRING "mbsystem 3.5.2017"
| #define PACKAGE_BUGREPORT ""
| #define PACKAGE_URL ""
| #define PACKAGE "mbsystem"
| #define VERSION "3.5.2017"
| #define STDC_HEADERS 1
| #define HAVE_SYS_TYPES_H 1
| #define HAVE_SYS_STAT_H 1
| #define HAVE_STDLIB_H 1
| #define HAVE_STRING_H 1
| #define HAVE_MEMORY_H 1
| #define HAVE_STRINGS_H 1
| #define HAVE_INTTYPES_H 1
| #define HAVE_STDINT_H 1
| #define HAVE_UNISTD_H 1
| #define HAVE_DLFCN_H 1
| #define LT_OBJDIR ".libs/"
| /* end confdefs.h.  */
| #include <sys/types.h>
| 		#include <sys/param.h>
| 
| int
| main ()
| {
| #if BYTE_ORDER != BIG_ENDIAN
| 		 not big endian
| 		#endif
| 
|   ;
|   return 0;
| }
configure:11944: result: no
configure:11969: checking for ANSI C header files
configure:12073: result: yes
configure:12082: checking for exp in -lm
configure:12107: gcc -o conftest -I/usr/X11R6/include -L/usr/X11R6/lib -DDARWIN -DBYTESWAPPED   conftest.c -lm   >&5
conftest.c:32: warning: conflicting types for built-in function 'exp'
configure:12107: $? = 0
configure:12116: result: yes
configure:12128: checking for int8_t
configure:12128: gcc -c -I/usr/X11R6/include -L/usr/X11R6/lib -DDARWIN -DBYTESWAPPED  conftest.c >&5
configure:12128: $? = 0
configure:12128: gcc -c -I/usr/X11R6/include -L/usr/X11R6/lib -DDARWIN -DBYTESWAPPED  conftest.c >&5
conftest.c: In function 'main':
conftest.c:64: error: size of array 'test_array' is negative
configure:12128: $? = 1
configure: failed program was:
| /* confdefs.h */
| #define PACKAGE_NAME "mbsystem"
| #define PACKAGE_TARNAME "mbsystem"
| #define PACKAGE_VERSION "3.5.2017"
| #define PACKAGE_STRING "mbsystem 3.5.2017"
| #define PACKAGE_BUGREPORT ""
| #define PACKAGE_URL ""
| #define PACKAGE "mbsystem"
| #define VERSION "3.5.2017"
| #define STDC_HEADERS 1
| #define HAVE_SYS_TYPES_H 1
| #define HAVE_SYS_STAT_H 1
| #define HAVE_STDLIB_H 1
| #define HAVE_STRING_H 1
| #define HAVE_MEMORY_H 1
| #define HAVE_STRINGS_H 1
| #define HAVE_INTTYPES_H 1
| #define HAVE_STDINT_H 1
| #define HAVE_UNISTD_H 1
| #define HAVE_DLFCN_H 1
| #define LT_OBJDIR ".libs/"
| #define BYTESWAPPED 1
| #define STDC_HEADERS 1
| #define HAVE_LIBM 1
| /* end confdefs.h.  */
| #include <stdio.h>
| #ifdef HAVE_SYS_TYPES_H
| # include <sys/types.h>
| #endif
| #ifdef HAVE_SYS_STAT_H
| # include <sys/stat.h>
| #endif
| #ifdef STDC_HEADERS
| # include <stdlib.h>
| # include <stddef.h>
| #else
| # ifdef HAVE_STDLIB_H
| #  include <stdlib.h>
| # endif
| #endif
| #ifdef HAVE_STRING_H
| # if !defined STDC_HEADERS && defined HAVE_MEMORY_H
| #  include <memory.h>
| # endif
| # include <string.h>
| #endif
| #ifdef HAVE_STRINGS_H
| # include <strings.h>
| #endif
| #ifdef HAVE_INTTYPES_H
| # include <inttypes.h>
| #endif
| #ifdef HAVE_STDINT_H
| # include <stdint.h>
| #endif
| #ifdef HAVE_UNISTD_H
| # include <unistd.h>
| #endif
| 	        enum { N = 8 / 2 - 1 };
| int
| main ()
| {
| static int test_array [1 - 2 * !((int8_t) (((((int8_t) 1 << N) << N) - 1) * 2 + 1)
| 		 < (int8_t) (((((int8_t) 1 << N) << N) - 1) * 2 + 2))];
| test_array [0] = 0;
| return test_array [0];
| 
|   ;
|   return 0;
| }
configure:12128: result: yes
configure:12140: checking malloc.h usability
configure:12140: gcc -c -I/usr/X11R6/include -L/usr/X11R6/lib -DDARWIN -DBYTESWAPPED  conftest.c >&5
conftest.c:59:20: error: malloc.h: No such file or directory
configure:12140: $? = 1
configure: failed program was:
| /* confdefs.h */
| #define PACKAGE_NAME "mbsystem"
| #define PACKAGE_TARNAME "mbsystem"
| #define PACKAGE_VERSION "3.5.2017"
| #define PACKAGE_STRING "mbsystem 3.5.2017"
| #define PACKAGE_BUGREPORT ""
| #define PACKAGE_URL ""
| #define PACKAGE "mbsystem"
| #define VERSION "3.5.2017"
| #define STDC_HEADERS 1
| #define HAVE_SYS_TYPES_H 1
| #define HAVE_SYS_STAT_H 1
| #define HAVE_STDLIB_H 1
| #define HAVE_STRING_H 1
| #define HAVE_MEMORY_H 1
| #define HAVE_STRINGS_H 1
| #define HAVE_INTTYPES_H 1
| #define HAVE_STDINT_H 1
| #define HAVE_UNISTD_H 1
| #define HAVE_DLFCN_H 1
| #define LT_OBJDIR ".libs/"
| #define BYTESWAPPED 1
| #define STDC_HEADERS 1
| #define HAVE_LIBM 1
| /* end confdefs.h.  */
| #include <stdio.h>
| #ifdef HAVE_SYS_TYPES_H
| # include <sys/types.h>
| #endif
| #ifdef HAVE_SYS_STAT_H
| # include <sys/stat.h>
| #endif
| #ifdef STDC_HEADERS
| # include <stdlib.h>
| # include <stddef.h>
| #else
| # ifdef HAVE_STDLIB_H
| #  include <stdlib.h>
| # endif
| #endif
| #ifdef HAVE_STRING_H
| # if !defined STDC_HEADERS && defined HAVE_MEMORY_H
| #  include <memory.h>
| # endif
| # include <string.h>
| #endif
| #ifdef HAVE_STRINGS_H
| # include <strings.h>
| #endif
| #ifdef HAVE_INTTYPES_H
| # include <inttypes.h>
| #endif
| #ifdef HAVE_STDINT_H
| # include <stdint.h>
| #endif
| #ifdef HAVE_UNISTD_H
| # include <unistd.h>
| #endif
| #include <malloc.h>
configure:12140: result: no
configure:12140: checking malloc.h presence
configure:12140: gcc -E  conftest.c
conftest.c:26:20: error: malloc.h: No such file or directory
configure:12140: $? = 1
configure: failed program was:
| /* confdefs.h */
| #define PACKAGE_NAME "mbsystem"
| #define PACKAGE_TARNAME "mbsystem"
| #define PACKAGE_VERSION "3.5.2017"
| #define PACKAGE_STRING "mbsystem 3.5.2017"
| #define PACKAGE_BUGREPORT ""
| #define PACKAGE_URL ""
| #define PACKAGE "mbsystem"
| #define VERSION "3.5.2017"
| #define STDC_HEADERS 1
| #define HAVE_SYS_TYPES_H 1
| #define HAVE_SYS_STAT_H 1
| #define HAVE_STDLIB_H 1
| #define HAVE_STRING_H 1
| #define HAVE_MEMORY_H 1
| #define HAVE_STRINGS_H 1
| #define HAVE_INTTYPES_H 1
| #define HAVE_STDINT_H 1
| #define HAVE_UNISTD_H 1
| #define HAVE_DLFCN_H 1
| #define LT_OBJDIR ".libs/"
| #define BYTESWAPPED 1
| #define STDC_HEADERS 1
| #define HAVE_LIBM 1
| /* end confdefs.h.  */
| #include <malloc.h>
configure:12140: result: no
configure:12140: checking for malloc.h
configure:12140: result: no
configure:12168: checking rpc/rpc.h usability
configure:12168: gcc -c -I/usr/X11R6/include -L/usr/X11R6/lib -DDARWIN -DBYTESWAPPED  conftest.c >&5
configure:12168: $? = 0
configure:12168: result: yes
configure:12168: checking rpc/rpc.h presence
configure:12168: gcc -E  conftest.c
configure:12168: $? = 0
configure:12168: result: yes
configure:12168: checking for rpc/rpc.h
configure:12168: result: yes
configure:12180: checking rpc/types.h usability
configure:12180: gcc -c -I/usr/X11R6/include -L/usr/X11R6/lib -DDARWIN -DBYTESWAPPED  conftest.c >&5
configure:12180: $? = 0
configure:12180: result: yes
configure:12180: checking rpc/types.h presence
configure:12180: gcc -E  conftest.c
configure:12180: $? = 0
configure:12180: result: yes
configure:12180: checking for rpc/types.h
configure:12180: result: yes
configure:12193: checking for main in -lws2_32
configure:12212: gcc -o conftest -I/usr/X11R6/include -L/usr/X11R6/lib -DDARWIN -DBYTESWAPPED   conftest.c -lws2_32  -lm  >&5
ld: library not found for -lws2_32
collect2: ld returned 1 exit status
configure:12212: $? = 1
configure: failed program was:
| /* confdefs.h */
| #define PACKAGE_NAME "mbsystem"
| #define PACKAGE_TARNAME "mbsystem"
| #define PACKAGE_VERSION "3.5.2017"
| #define PACKAGE_STRING "mbsystem 3.5.2017"
| #define PACKAGE_BUGREPORT ""
| #define PACKAGE_URL ""
| #define PACKAGE "mbsystem"
| #define VERSION "3.5.2017"
| #define STDC_HEADERS 1
| #define HAVE_SYS_TYPES_H 1
| #define HAVE_SYS_STAT_H 1
| #define HAVE_STDLIB_H 1
| #define HAVE_STRING_H 1
| #define HAVE_MEMORY_H 1
| #define HAVE_STRINGS_H 1
| #define HAVE_INTTYPES_H 1
| #define HAVE_STDINT_H 1
| #define HAVE_UNISTD_H 1
| #define HAVE_DLFCN_H 1
| #define LT_OBJDIR ".libs/"
| #define BYTESWAPPED 1
| #define STDC_HEADERS 1
| #define HAVE_LIBM 1
| #define HAVE_RPC_RPC_H 1
| #define HAVE_RPC_TYPES_H 1
| /* end confdefs.h.  */
| 
| 
| int
| main ()
| {
| return main ();
|   ;
|   return 0;
| }
configure:12221: result: no
configure:12233: checking for xdrmem_create
configure:12233: gcc -o conftest -I/usr/X11R6/include -L/usr/X11R6/lib -DDARWIN -DBYTESWAPPED   conftest.c -lm  >&5
configure:12233: $? = 0
configure:12233: result: yes
configure:12514: checking for pkg-config
configure:12532: found /sw/bin/pkg-config
configure:12544: result: /sw/bin/pkg-config
configure:12569: checking pkg-config is at least version 0.9.0
configure:12572: result: yes
configure:12582: checking for libnetcdf
configure:12589: $PKG_CONFIG --exists --print-errors "netcdf"
configure:12592: $? = 0
configure:12605: $PKG_CONFIG --exists --print-errors "netcdf"
configure:12608: $? = 0
configure:12645: result: yes
configure:12803: checking netcdf.h usability
configure:12803: gcc -c -I/usr/X11R6/include -L/usr/X11R6/lib -DDARWIN -DBYTESWAPPED -I/sw/include  -I/sw/include conftest.c >&5
configure:12803: $? = 0
configure:12803: result: yes
configure:12803: checking netcdf.h presence
configure:12803: gcc -E  -I/sw/include conftest.c
configure:12803: $? = 0
configure:12803: result: yes
configure:12803: checking for netcdf.h
configure:12803: result: yes
configure:12828: checking for libgmt
configure:12835: $PKG_CONFIG --exists --print-errors "gmt"
Package gmt was not found in the pkg-config search path.
Perhaps you should add the directory containing `gmt.pc'
to the PKG_CONFIG_PATH environment variable
No package 'gmt' found
configure:12838: $? = 1
configure:12851: $PKG_CONFIG --exists --print-errors "gmt"
Package gmt was not found in the pkg-config search path.
Perhaps you should add the directory containing `gmt.pc'
to the PKG_CONFIG_PATH environment variable
No package 'gmt' found
configure:12854: $? = 1
configure:12867: result: no
No package 'gmt' found
configure:12962: checking for GMT_begin in -lgmt
configure:12987: gcc -o conftest -I/usr/X11R6/include -L/usr/X11R6/lib -DDARWIN -DBYTESWAPPED   -L/sw/lib -L/sw/lib -lnetcdf -lnetcdf -lm conftest.c -lgmt  -lm  >&5
configure:12987: $? = 0
configure:12996: result: yes
configure:13050: checking gmt.h usability
configure:13050: gcc -c -I/usr/X11R6/include -L/usr/X11R6/lib -DDARWIN -DBYTESWAPPED -I/sw/include -I/sw/include  -I/sw/include conftest.c >&5
In file included from /sw/include/gmt.h:636,
                 from conftest.c:61:
/sw/include/gmt_version.h:5:1: warning: "PACKAGE_VERSION" redefined
conftest.c:4:1: warning: this is the location of the previous definition
configure:13050: $? = 0
configure:13050: result: yes
configure:13050: checking gmt.h presence
configure:13050: gcc -E  -I/sw/include conftest.c
In file included from /sw/include/gmt.h:636,
                 from conftest.c:28:
/sw/include/gmt_version.h:5:1: warning: "PACKAGE_VERSION" redefined
conftest.c:4:1: warning: this is the location of the previous definition
configure:13050: $? = 0
configure:13050: result: yes
configure:13050: checking for gmt.h
configure:13050: result: yes
configure:13074: checking for libfftw
configure:13081: $PKG_CONFIG --exists --print-errors "fftw3"
configure:13084: $? = 0
configure:13097: $PKG_CONFIG --exists --print-errors "fftw3"
configure:13100: $? = 0
configure:13137: result: yes
configure:13306: checking fftw3.h usability
configure:13306: gcc -c -I/usr/X11R6/include -L/usr/X11R6/lib -DDARWIN -DBYTESWAPPED -I/sw/include  -I/sw/include conftest.c >&5
configure:13306: $? = 0
configure:13306: result: yes
configure:13306: checking fftw3.h presence
configure:13306: gcc -E  -I/sw/include conftest.c
configure:13306: $? = 0
configure:13306: result: yes
configure:13306: checking for fftw3.h
configure:13306: result: yes
configure:13501: checking for XmCreatePushButton in -lXm
configure:13526: gcc -o conftest -I/usr/X11R6/include -L/usr/X11R6/lib -DDARWIN -DBYTESWAPPED  -L/sw/lib  conftest.c -lXm  -L/sw/lib -L/sw/lib  >&5
configure:13526: $? = 0
configure:13535: result: yes
configure:13544: checking for XtAppMainLoop in -lXt
configure:13569: gcc -o conftest -I/usr/X11R6/include -L/usr/X11R6/lib -DDARWIN -DBYTESWAPPED  -L/sw/lib  conftest.c -lXt  -L/sw/lib -L/sw/lib  >&5
configure:13569: $? = 0
configure:13578: result: yes
configure:13587: checking for XSendEvent in -lX11
configure:13612: gcc -o conftest -I/usr/X11R6/include -L/usr/X11R6/lib -DDARWIN -DBYTESWAPPED  -L/sw/lib  conftest.c -lX11  -L/sw/lib -L/sw/lib  >&5
configure:13612: $? = 0
configure:13621: result: yes
configure:13684: checking X11/Intrinsic.h usability
configure:13684: gcc -c -I/usr/X11R6/include -L/usr/X11R6/lib -DDARWIN -DBYTESWAPPED -I/sw/include  -I/sw/include conftest.c >&5
configure:13684: $? = 0
configure:13684: result: yes
configure:13684: checking X11/Intrinsic.h presence
configure:13684: gcc -E  -I/sw/include conftest.c
conftest.c:28:27: error: X11/Intrinsic.h: No such file or directory
configure:13684: $? = 1
configure: failed program was:
| /* confdefs.h */
| #define PACKAGE_NAME "mbsystem"
| #define PACKAGE_TARNAME "mbsystem"
| #define PACKAGE_VERSION "3.5.2017"
| #define PACKAGE_STRING "mbsystem 3.5.2017"
| #define PACKAGE_BUGREPORT ""
| #define PACKAGE_URL ""
| #define PACKAGE "mbsystem"
| #define VERSION "3.5.2017"
| #define STDC_HEADERS 1
| #define HAVE_SYS_TYPES_H 1
| #define HAVE_SYS_STAT_H 1
| #define HAVE_STDLIB_H 1
| #define HAVE_STRING_H 1
| #define HAVE_MEMORY_H 1
| #define HAVE_STRINGS_H 1
| #define HAVE_INTTYPES_H 1
| #define HAVE_STDINT_H 1
| #define HAVE_UNISTD_H 1
| #define HAVE_DLFCN_H 1
| #define LT_OBJDIR ".libs/"
| #define BYTESWAPPED 1
| #define STDC_HEADERS 1
| #define HAVE_LIBM 1
| #define HAVE_RPC_RPC_H 1
| #define HAVE_RPC_TYPES_H 1
| /* end confdefs.h.  */
| #include <X11/Intrinsic.h>
configure:13684: result: no
configure:13684: WARNING: X11/Intrinsic.h: accepted by the compiler, rejected by the preprocessor!
configure:13684: WARNING: X11/Intrinsic.h: proceeding with the compiler's result
configure:13684: checking for X11/Intrinsic.h
configure:13684: result: yes
configure:13738: checking for main in -lGL
configure:13757: gcc -o conftest -I/usr/X11R6/include -L/usr/X11R6/lib -DDARWIN -DBYTESWAPPED   conftest.c -lGL  -lm  >&5
configure:13757: $? = 0
configure:13766: result: yes
configure:13775: checking for main in -lGLU
configure:13794: gcc -o conftest -I/usr/X11R6/include -L/usr/X11R6/lib -DDARWIN -DBYTESWAPPED   conftest.c -lGLU -lGL -lm  >&5
configure:13794: $? = 0
configure:13803: result: yes
configure:13936: checking GL/gl.h usability
configure:13936: gcc -c -I/usr/X11R6/include -L/usr/X11R6/lib -DDARWIN -DBYTESWAPPED  conftest.c >&5
configure:13936: $? = 0
configure:13936: result: yes
configure:13936: checking GL/gl.h presence
configure:13936: gcc -E  conftest.c
conftest.c:29:19: error: GL/gl.h: No such file or directory
configure:13936: $? = 1
configure: failed program was:
| /* confdefs.h */
| #define PACKAGE_NAME "mbsystem"
| #define PACKAGE_TARNAME "mbsystem"
| #define PACKAGE_VERSION "3.5.2017"
| #define PACKAGE_STRING "mbsystem 3.5.2017"
| #define PACKAGE_BUGREPORT ""
| #define PACKAGE_URL ""
| #define PACKAGE "mbsystem"
| #define VERSION "3.5.2017"
| #define STDC_HEADERS 1
| #define HAVE_SYS_TYPES_H 1
| #define HAVE_SYS_STAT_H 1
| #define HAVE_STDLIB_H 1
| #define HAVE_STRING_H 1
| #define HAVE_MEMORY_H 1
| #define HAVE_STRINGS_H 1
| #define HAVE_INTTYPES_H 1
| #define HAVE_STDINT_H 1
| #define HAVE_UNISTD_H 1
| #define HAVE_DLFCN_H 1
| #define LT_OBJDIR ".libs/"
| #define BYTESWAPPED 1
| #define STDC_HEADERS 1
| #define HAVE_LIBM 1
| #define HAVE_RPC_RPC_H 1
| #define HAVE_RPC_TYPES_H 1
| #define GOT_MOTIF 1
| /* end confdefs.h.  */
| #include <GL/gl.h>
configure:13936: result: no
configure:13936: WARNING: GL/gl.h: accepted by the compiler, rejected by the preprocessor!
configure:13936: WARNING: GL/gl.h: proceeding with the compiler's result
configure:13936: checking for GL/gl.h
configure:13936: result: yes
configure:13936: checking GL/glu.h usability
configure:13936: gcc -c -I/usr/X11R6/include -L/usr/X11R6/lib -DDARWIN -DBYTESWAPPED  conftest.c >&5
configure:13936: $? = 0
configure:13936: result: yes
configure:13936: checking GL/glu.h presence
configure:13936: gcc -E  conftest.c
conftest.c:30:20: error: GL/glu.h: No such file or directory
configure:13936: $? = 1
configure: failed program was:
| /* confdefs.h */
| #define PACKAGE_NAME "mbsystem"
| #define PACKAGE_TARNAME "mbsystem"
| #define PACKAGE_VERSION "3.5.2017"
| #define PACKAGE_STRING "mbsystem 3.5.2017"
| #define PACKAGE_BUGREPORT ""
| #define PACKAGE_URL ""
| #define PACKAGE "mbsystem"
| #define VERSION "3.5.2017"
| #define STDC_HEADERS 1
| #define HAVE_SYS_TYPES_H 1
| #define HAVE_SYS_STAT_H 1
| #define HAVE_STDLIB_H 1
| #define HAVE_STRING_H 1
| #define HAVE_MEMORY_H 1
| #define HAVE_STRINGS_H 1
| #define HAVE_INTTYPES_H 1
| #define HAVE_STDINT_H 1
| #define HAVE_UNISTD_H 1
| #define HAVE_DLFCN_H 1
| #define LT_OBJDIR ".libs/"
| #define BYTESWAPPED 1
| #define STDC_HEADERS 1
| #define HAVE_LIBM 1
| #define HAVE_RPC_RPC_H 1
| #define HAVE_RPC_TYPES_H 1
| #define GOT_MOTIF 1
| #define HAVE_GL_GL_H 1
| /* end confdefs.h.  */
| #include <GL/glu.h>
configure:13936: result: no
configure:13936: WARNING: GL/glu.h: accepted by the compiler, rejected by the preprocessor!
configure:13936: WARNING: GL/glu.h: proceeding with the compiler's result
configure:13936: checking for GL/glu.h
configure:13936: result: yes
configure:13936: checking GL/glx.h usability
configure:13936: gcc -c -I/usr/X11R6/include -L/usr/X11R6/lib -DDARWIN -DBYTESWAPPED  conftest.c >&5
configure:13936: $? = 0
configure:13936: result: yes
configure:13936: checking GL/glx.h presence
configure:13936: gcc -E  conftest.c
conftest.c:31:20: error: GL/glx.h: No such file or directory
configure:13936: $? = 1
configure: failed program was:
| /* confdefs.h */
| #define PACKAGE_NAME "mbsystem"
| #define PACKAGE_TARNAME "mbsystem"
| #define PACKAGE_VERSION "3.5.2017"
| #define PACKAGE_STRING "mbsystem 3.5.2017"
| #define PACKAGE_BUGREPORT ""
| #define PACKAGE_URL ""
| #define PACKAGE "mbsystem"
| #define VERSION "3.5.2017"
| #define STDC_HEADERS 1
| #define HAVE_SYS_TYPES_H 1
| #define HAVE_SYS_STAT_H 1
| #define HAVE_STDLIB_H 1
| #define HAVE_STRING_H 1
| #define HAVE_MEMORY_H 1
| #define HAVE_STRINGS_H 1
| #define HAVE_INTTYPES_H 1
| #define HAVE_STDINT_H 1
| #define HAVE_UNISTD_H 1
| #define HAVE_DLFCN_H 1
| #define LT_OBJDIR ".libs/"
| #define BYTESWAPPED 1
| #define STDC_HEADERS 1
| #define HAVE_LIBM 1
| #define HAVE_RPC_RPC_H 1
| #define HAVE_RPC_TYPES_H 1
| #define GOT_MOTIF 1
| #define HAVE_GL_GL_H 1
| #define HAVE_GL_GLU_H 1
| /* end confdefs.h.  */
| #include <GL/glx.h>
configure:13936: result: no
configure:13936: WARNING: GL/glx.h: accepted by the compiler, rejected by the preprocessor!
configure:13936: WARNING: GL/glx.h: proceeding with the compiler's result
configure:13936: checking for GL/glx.h
configure:13936: result: yes
configure:14079: creating ./config.status

## ---------------------- ##
## Running config.status. ##
## ---------------------- ##

This file was extended by mbsystem config.status 3.5.2017, which was
generated by GNU Autoconf 2.69.  Invocation command line was

  CONFIG_FILES    = 
  CONFIG_HEADERS  = 
  CONFIG_LINKS    = 
  CONFIG_COMMANDS = 
  $ ./config.status 

on deitz

config.status:1142: creating Makefile
config.status:1142: creating src/Makefile
config.status:1142: creating src/mbio/Makefile
config.status:1142: creating src/gsf/Makefile
config.status:1142: creating src/surf/Makefile
config.status:1142: creating src/mr1pr/Makefile
config.status:1142: creating src/proj/Makefile
config.status:1142: creating src/mbaux/Makefile
config.status:1142: creating src/utilities/Makefile
config.status:1142: creating src/gmt/Makefile
config.status:1142: creating src/macros/Makefile
config.status:1142: creating src/mbedit/Makefile
config.status:1142: creating src/mbnavedit/Makefile
config.status:1142: creating src/mbvelocitytool/Makefile
config.status:1142: creating src/mbnavadjust/Makefile
config.status:1142: creating src/otps/Makefile
config.status:1142: creating src/mbview/Makefile
config.status:1142: creating src/man/Makefile
config.status:1142: creating src/man/man1/Makefile
config.status:1142: creating src/man/man3/Makefile
config.status:1142: creating src/html/Makefile
config.status:1142: creating src/ps/Makefile
config.status:1142: creating src/share/Makefile
config.status:1142: creating src/mbsystem_config.h
config.status:1323: src/mbsystem_config.h is unchanged
config.status:1371: executing depfiles commands
config.status:1371: executing libtool commands

## ---------------- ##
## Cache variables. ##
## ---------------- ##

ac_cv_build=x86_64-apple-darwin12.3.0
ac_cv_c_bigendian=no
ac_cv_c_compiler_gnu=yes
ac_cv_c_int8_t=yes
ac_cv_env_CCASFLAGS_set=
ac_cv_env_CCASFLAGS_value=
ac_cv_env_CCAS_set=
ac_cv_env_CCAS_value=
ac_cv_env_CC_set=
ac_cv_env_CC_value=
ac_cv_env_CFLAGS_set=set
ac_cv_env_CFLAGS_value='-I/usr/X11R6/include -L/usr/X11R6/lib -DDARWIN -DBYTESWAPPED'
ac_cv_env_CPPFLAGS_set=
ac_cv_env_CPPFLAGS_value=
ac_cv_env_CPP_set=
ac_cv_env_CPP_value=
ac_cv_env_LDFLAGS_set=
ac_cv_env_LDFLAGS_value=
ac_cv_env_LIBS_set=
ac_cv_env_LIBS_value=
ac_cv_env_PKG_CONFIG_LIBDIR_set=
ac_cv_env_PKG_CONFIG_LIBDIR_value=
ac_cv_env_PKG_CONFIG_PATH_set=
ac_cv_env_PKG_CONFIG_PATH_value=
ac_cv_env_PKG_CONFIG_set=
ac_cv_env_PKG_CONFIG_value=
ac_cv_env_build_alias_set=
ac_cv_env_build_alias_value=
ac_cv_env_host_alias_set=
ac_cv_env_host_alias_value=
ac_cv_env_libfftw_CFLAGS_set=
ac_cv_env_libfftw_CFLAGS_value=
ac_cv_env_libfftw_LIBS_set=
ac_cv_env_libfftw_LIBS_value=
ac_cv_env_libgmt_CFLAGS_set=
ac_cv_env_libgmt_CFLAGS_value=
ac_cv_env_libgmt_LIBS_set=
ac_cv_env_libgmt_LIBS_value=
ac_cv_env_libnetcdf_CFLAGS_set=
ac_cv_env_libnetcdf_CFLAGS_value=
ac_cv_env_libnetcdf_LIBS_set=
ac_cv_env_libnetcdf_LIBS_value=
ac_cv_env_target_alias_set=
ac_cv_env_target_alias_value=
ac_cv_func_xdrmem_create=yes
ac_cv_header_GL_gl_h=yes
ac_cv_header_GL_glu_h=yes
ac_cv_header_GL_glx_h=yes
ac_cv_header_X11_Intrinsic_h=yes
ac_cv_header_dlfcn_h=yes
ac_cv_header_fftw3_h=yes
ac_cv_header_gmt_h=yes
ac_cv_header_inttypes_h=yes
ac_cv_header_malloc_h=no
ac_cv_header_memory_h=yes
ac_cv_header_netcdf_h=yes
ac_cv_header_rpc_rpc_h=yes
ac_cv_header_rpc_types_h=yes
ac_cv_header_stdc=yes
ac_cv_header_stdint_h=yes
ac_cv_header_stdlib_h=yes
ac_cv_header_string_h=yes
ac_cv_header_strings_h=yes
ac_cv_header_sys_stat_h=yes
ac_cv_header_sys_types_h=yes
ac_cv_header_unistd_h=yes
ac_cv_host=x86_64-apple-darwin12.3.0
ac_cv_lib_GLU_main=yes
ac_cv_lib_GL_main=yes
ac_cv_lib_X11_XSendEvent=yes
ac_cv_lib_Xm_XmCreatePushButton=yes
ac_cv_lib_Xt_XtAppMainLoop=yes
ac_cv_lib_gmt_GMT_begin=yes
ac_cv_lib_m_exp=yes
ac_cv_lib_ws2_32_main=no
ac_cv_objext=o
ac_cv_path_EGREP='/usr/bin/grep -E'
ac_cv_path_FGREP='/usr/bin/grep -F'
ac_cv_path_GREP=/usr/bin/grep
ac_cv_path_SED=/usr/bin/sed
ac_cv_path_ac_pt_PKG_CONFIG=/sw/bin/pkg-config
ac_cv_path_install='/sw/bin/ginstall -c'
ac_cv_path_mkdir=/sw/bin/gmkdir
ac_cv_prog_AWK=awk
ac_cv_prog_CPP='gcc -E'
ac_cv_prog_ac_ct_AR=ar
ac_cv_prog_ac_ct_CC=gcc
ac_cv_prog_ac_ct_DSYMUTIL=dsymutil
ac_cv_prog_ac_ct_LIPO=lipo
ac_cv_prog_ac_ct_NMEDIT=nmedit
ac_cv_prog_ac_ct_OTOOL=otool
ac_cv_prog_ac_ct_RANLIB=ranlib
ac_cv_prog_ac_ct_STRIP=strip
ac_cv_prog_cc_c89=
ac_cv_prog_cc_g=yes
ac_cv_prog_cc_gcc_c_o=yes
ac_cv_prog_make_make_set=yes
am_cv_CCAS_dependencies_compiler_type=gcc3
am_cv_CC_dependencies_compiler_type=gcc3
lt_cv_apple_cc_single_mod=yes
lt_cv_ar_at_file=no
lt_cv_deplibs_check_method=pass_all
lt_cv_file_magic_cmd='$MAGIC_CMD'
lt_cv_file_magic_test_file=
lt_cv_ld_exported_symbols_list=yes
lt_cv_ld_force_load=yes
lt_cv_ld_reload_flag=-r
lt_cv_nm_interface='BSD nm'
lt_cv_objdir=.libs
lt_cv_path_LD=/usr/llvm-gcc-4.2/libexec/gcc/i686-apple-darwin11/4.2.1/ld
lt_cv_path_NM=/usr/bin/nm
lt_cv_path_mainfest_tool=no
lt_cv_prog_compiler_c_o=yes
lt_cv_prog_compiler_pic='-fno-common -DPIC'
lt_cv_prog_compiler_pic_works=yes
lt_cv_prog_compiler_rtti_exceptions=no
lt_cv_prog_compiler_static_works=no
lt_cv_prog_gnu_ld=no
lt_cv_sharedlib_from_linklib_cmd='printf %s\n'
lt_cv_sys_global_symbol_pipe='sed -n -e '\''s/^.*[	 ]\([BCDEGRST][BCDEGRST]*\)[	 ][	 ]*_\([_A-Za-z][_A-Za-z0-9]*\)$/\1 _\2 \2/p'\'' | sed '\''/ __gnu_lto/d'\'''
lt_cv_sys_global_symbol_to_c_name_address='sed -n -e '\''s/^: \([^ ]*\)[ ]*$/  {\"\1\", (void *) 0},/p'\'' -e '\''s/^[BCDEGRST]* \([^ ]*\) \([^ ]*\)$/  {"\2", (void *) \&\2},/p'\'''
lt_cv_sys_global_symbol_to_c_name_address_lib_prefix='sed -n -e '\''s/^: \([^ ]*\)[ ]*$/  {\"\1\", (void *) 0},/p'\'' -e '\''s/^[BCDEGRST]* \([^ ]*\) \(lib[^ ]*\)$/  {"\2", (void *) \&\2},/p'\'' -e '\''s/^[BCDEGRST]* \([^ ]*\) \([^ ]*\)$/  {"lib\2", (void *) \&\2},/p'\'''
lt_cv_sys_global_symbol_to_cdecl='sed -n -e '\''s/^T .* \(.*\)$/extern int \1();/p'\'' -e '\''s/^[BCDEGRST]* .* \(.*\)$/extern char \1;/p'\'''
lt_cv_sys_max_cmd_len=196608
lt_cv_to_host_file_cmd=func_convert_file_noop
lt_cv_to_tool_file_cmd=func_convert_file_noop
pkg_cv_libfftw_CFLAGS='-I/sw/include  '
pkg_cv_libfftw_LIBS='-L/sw/lib -lfftw3 -lm'
pkg_cv_libnetcdf_CFLAGS='-I/sw/include  '
pkg_cv_libnetcdf_LIBS='-L/sw/lib -lnetcdf'

## ----------------- ##
## Output variables. ##
## ----------------- ##

ACLOCAL='${SHELL} /Users/caress/sandbox/mbsystem/missing --run aclocal-1.11'
AMDEPBACKSLASH='\'
AMDEP_FALSE='#'
AMDEP_TRUE=''
AMTAR='$${TAR-tar}'
AR='ar'
AUTOCONF='${SHELL} /Users/caress/sandbox/mbsystem/missing --run autoconf'
AUTOHEADER='${SHELL} /Users/caress/sandbox/mbsystem/missing --run autoheader'
AUTOMAKE='${SHELL} /Users/caress/sandbox/mbsystem/missing --run automake-1.11'
AWK='awk'
BUILD_FFTW_FALSE='#'
BUILD_FFTW_TRUE=''
BUILD_GL_FALSE='#'
BUILD_GL_TRUE=''
BUILD_MOTIF_FALSE='#'
BUILD_MOTIF_TRUE=''
CC='gcc'
CCAS='gcc'
CCASDEPMODE='depmode=gcc3'
CCASFLAGS='-I/usr/X11R6/include -L/usr/X11R6/lib -DDARWIN -DBYTESWAPPED'
CCDEPMODE='depmode=gcc3'
CDF_INC_DIR='-I/sw/include'
CFLAGS='-I/usr/X11R6/include -L/usr/X11R6/lib -DDARWIN -DBYTESWAPPED'
CPP='gcc -E'
CPPFLAGS=''
CYGPATH_W='echo'
DEFS='-DHAVE_CONFIG_H'
DEPDIR='.deps'
DLLTOOL='false'
DSYMUTIL='dsymutil'
DUMPBIN=''
ECHO_C='\c'
ECHO_N=''
ECHO_T=''
EGREP='/usr/bin/grep -E'
EXEEXT=''
FFTW_INC_DIR='-I/sw/include'
FGREP='/usr/bin/grep -F'
GL_INC_DIR=''
GL_LIB='-lGL -lGLU'
GL_LIB_DIR=''
GMT_INC_DIR='-I/sw/include'
GREP='/usr/bin/grep'
INSTALL_DATA='${INSTALL} -m 644'
INSTALL_PROGRAM='${INSTALL}'
INSTALL_SCRIPT='${INSTALL}'
INSTALL_STRIP_PROGRAM='$(install_sh) -c -s'
LD='/usr/llvm-gcc-4.2/libexec/gcc/i686-apple-darwin11/4.2.1/ld'
LDFLAGS=''
LIBOBJS=''
LIBS='-lm '
LIBTOOL='$(SHELL) $(top_builddir)/libtool'
LIBTOOL_DEPS='./ltmain.sh'
LIPO='lipo'
LN_S='ln -s'
LTLIBOBJS=''
MAINT='#'
MAINTAINER_MODE_FALSE=''
MAINTAINER_MODE_TRUE='#'
MAKEINFO='${SHELL} /Users/caress/sandbox/mbsystem/missing --run makeinfo'
MANIFEST_TOOL=':'
MKDIR_P='/sw/bin/gmkdir -p'
MOTIF_INC_DIR='-I/sw/include'
MOTIF_LIB='-lXm -lXt -lX11'
MOTIF_LIB_DIR='-L/sw/lib'
NM='/usr/bin/nm'
NMEDIT='nmedit'
OBJDUMP='false'
OBJEXT='o'
OTOOL64=':'
OTOOL='otool'
OTPS_DIR='/usr/local/OTPSnc'
PACKAGE='mbsystem'
PACKAGE_BUGREPORT=''
PACKAGE_NAME='mbsystem'
PACKAGE_STRING='mbsystem 3.5.2017'
PACKAGE_TARNAME='mbsystem'
PACKAGE_URL=''
PACKAGE_VERSION='3.5.2017'
PATH_SEPARATOR=':'
PKG_CONFIG='/sw/bin/pkg-config'
PKG_CONFIG_LIBDIR=''
PKG_CONFIG_PATH=''
RANLIB='ranlib'
SED='/usr/bin/sed'
SET_MAKE=''
SHELL='/bin/sh'
STRIP='strip'
VERSION='3.5.2017'
XDR_LIB=''
ac_ct_AR='ar'
ac_ct_CC='gcc'
ac_ct_DUMPBIN=''
am__EXEEXT_FALSE=''
am__EXEEXT_TRUE='#'
am__fastdepCCAS_FALSE='#'
am__fastdepCCAS_TRUE=''
am__fastdepCC_FALSE='#'
am__fastdepCC_TRUE=''
am__include='include'
am__isrc=''
am__leading_dot='.'
am__nodep='_no'
am__quote=''
am__tar='$${TAR-tar} chof - "$$tardir"'
am__untar='$${TAR-tar} xf -'
bindir='${exec_prefix}/bin'
build='x86_64-apple-darwin12.3.0'
build_alias=''
build_cpu='x86_64'
build_os='darwin12.3.0'
build_vendor='apple'
datadir='${datarootdir}'
datarootdir='${prefix}/share'
docdir='${datarootdir}/doc/${PACKAGE_TARNAME}'
dvidir='${docdir}/dvi'
exec_prefix='${prefix}'
fftw_app=''
host='x86_64-apple-darwin12.3.0'
host_alias=''
host_cpu='x86_64'
host_os='darwin12.3.0'
host_vendor='apple'
htmldir='${docdir}/html'
includedir='${prefix}/include'
infodir='${datarootdir}/info'
install_sh='${SHELL} /Users/caress/sandbox/mbsystem/install-sh'
libdir='${exec_prefix}/lib'
libexecdir='${exec_prefix}/libexec'
libfftw_CFLAGS='-I/sw/include  '
libfftw_LIBS='-L/sw/lib -lfftw3 -lm'
libgmt_CFLAGS='-L/sw/lib'
libgmt_LIBS='-lgmt'
libnetcdf_CFLAGS='-I/sw/include  '
libnetcdf_LIBS='-L/sw/lib -lnetcdf'
localedir='${datarootdir}/locale'
localstatedir='${prefix}/var'
mandir='${prefix}/man'
mbsystemdatadir='${datarootdir}/mbsystem'
mkdir_p='/sw/bin/gmkdir -p'
oldincludedir='/usr/include'
pdfdir='${docdir}/pdf'
prefix='/Users/caress/sandbox/mbsystem'
program_transform_name='s,x,x,'
psdir='${docdir}/ps'
sbindir='${exec_prefix}/sbin'
sharedstatedir='${prefix}/com'
sysconfdir='${prefix}/etc'
target_alias=''

## ----------- ##
## confdefs.h. ##
## ----------- ##

/* confdefs.h */
#define PACKAGE_NAME "mbsystem"
#define PACKAGE_TARNAME "mbsystem"
#define PACKAGE_VERSION "3.5.2017"
#define PACKAGE_STRING "mbsystem 3.5.2017"
#define PACKAGE_BUGREPORT ""
#define PACKAGE_URL ""
#define PACKAGE "mbsystem"
#define VERSION "3.5.2017"
#define STDC_HEADERS 1
#define HAVE_SYS_TYPES_H 1
#define HAVE_SYS_STAT_H 1
#define HAVE_STDLIB_H 1
#define HAVE_STRING_H 1
#define HAVE_MEMORY_H 1
#define HAVE_STRINGS_H 1
#define HAVE_INTTYPES_H 1
#define HAVE_STDINT_H 1
#define HAVE_UNISTD_H 1
#define HAVE_DLFCN_H 1
#define LT_OBJDIR ".libs/"
#define BYTESWAPPED 1
#define STDC_HEADERS 1
#define HAVE_LIBM 1
#define HAVE_RPC_RPC_H 1
#define HAVE_RPC_TYPES_H 1
#define GOT_MOTIF 1
#define HAVE_GL_GL_H 1
#define HAVE_GL_GLU_H 1
#define HAVE_GL_GLX_H 1
#define GOT_GL 1

configure: exit 0
